[2024-09-04T09:45:59.334+0000] {taskinstance.py:1159} INFO - Dependencies all met for dep_context=non-requeueable deps ti=<TaskInstance: run_daily_order_update_dag.run_daily_order_update_task scheduled__2024-09-03T20:00:00+00:00 [queued]>
[2024-09-04T09:45:59.338+0000] {taskinstance.py:1159} INFO - Dependencies all met for dep_context=requeueable deps ti=<TaskInstance: run_daily_order_update_dag.run_daily_order_update_task scheduled__2024-09-03T20:00:00+00:00 [queued]>
[2024-09-04T09:45:59.338+0000] {taskinstance.py:1361} INFO - Starting attempt 1 of 1
[2024-09-04T09:45:59.344+0000] {taskinstance.py:1382} INFO - Executing <Task(BashOperator): run_daily_order_update_task> on 2024-09-03 20:00:00+00:00
[2024-09-04T09:45:59.346+0000] {standard_task_runner.py:57} INFO - Started process 202 to run task
[2024-09-04T09:45:59.347+0000] {standard_task_runner.py:84} INFO - Running: ['***', 'tasks', 'run', 'run_daily_order_update_dag', 'run_daily_order_update_task', 'scheduled__2024-09-03T20:00:00+00:00', '--job-id', '150', '--raw', '--subdir', 'DAGS_FOLDER/run_daily_order_update.py', '--cfg-path', '/tmp/tmpjns_7yq9']
[2024-09-04T09:45:59.349+0000] {standard_task_runner.py:85} INFO - Job 150: Subtask run_daily_order_update_task
[2024-09-04T09:45:59.395+0000] {task_command.py:415} INFO - Running <TaskInstance: run_daily_order_update_dag.run_daily_order_update_task scheduled__2024-09-03T20:00:00+00:00 [running]> on host 029975ab4b18
[2024-09-04T09:45:59.434+0000] {taskinstance.py:1660} INFO - Exporting env vars: AIRFLOW_CTX_DAG_OWNER='***' AIRFLOW_CTX_DAG_ID='run_daily_order_update_dag' AIRFLOW_CTX_TASK_ID='run_daily_order_update_task' AIRFLOW_CTX_EXECUTION_DATE='2024-09-03T20:00:00+00:00' AIRFLOW_CTX_TRY_NUMBER='1' AIRFLOW_CTX_DAG_RUN_ID='scheduled__2024-09-03T20:00:00+00:00'
[2024-09-04T09:45:59.435+0000] {subprocess.py:63} INFO - Tmp dir root location: /tmp
[2024-09-04T09:45:59.436+0000] {subprocess.py:75} INFO - Running command: ['/bin/bash', '-c', 'python3 /opt/***/python_scripts/run_daily_orders_update.py']
[2024-09-04T09:45:59.439+0000] {subprocess.py:86} INFO - Output:
[2024-09-04T09:46:10.475+0000] {subprocess.py:93} INFO - fetching data from 2024-09-04 08:55:10 and 2024-09-04 09:16:00
[2024-09-04T09:46:10.479+0000] {subprocess.py:93} INFO - {'BuyerInfo': {}, 'AmazonOrderId': '111-2950461-4220205', 'EarliestShipDate': '2024-09-04T09:06:17Z', 'SalesChannel': 'Amazon.com', 'OrderStatus': 'Pending', 'NumberOfItemsShipped': 5, 'OrderType': 'StandardOrder', 'IsPremiumOrder': False, 'IsPrime': False, 'FulfillmentChannel': 'AFN', 'NumberOfItemsUnshipped': 1, 'HasRegulatedItems': False, 'IsReplacementOrder': 'false', 'IsSoldByAB': False, 'LatestShipDate': '2024-09-04T09:06:17Z', 'ShipServiceLevel': 'Expedited', 'IsISPU': False, 'MarketplaceId': 'ATVPDKIKX0DER', 'PurchaseDate': '2024-09-03T13:48:16Z', 'IsAccessPointOrder': False, 'SellerOrderId': '111-2950461-4220205', 'PaymentMethod': 'Other', 'IsBusinessOrder': False, 'OrderTotal': {'CurrencyCode': 'USD', 'Amount': '26.04'}, 'PaymentMethodDetails': ['Standard'], 'IsGlobalExpressEnabled': False, 'LastUpdateDate': '2024-09-04T09:06:42Z', 'ShipmentServiceLevelCategory': 'Expedited'}
[2024-09-04T09:46:10.480+0000] {subprocess.py:93} INFO - next_token: None
[2024-09-04T09:46:10.480+0000] {subprocess.py:93} INFO - chunk finished
[2024-09-04T09:46:10.480+0000] {subprocess.py:93} INFO - Status Code: 200
[2024-09-04T09:46:10.480+0000] {subprocess.py:93} INFO - 1 chunk fetched succesfully!
[2024-09-04T09:46:10.480+0000] {subprocess.py:93} INFO - sleeping for 5 seconds to avoid exceed rate limit
[2024-09-04T09:46:10.480+0000] {subprocess.py:93} INFO - fetched order_items of 1 orders
[2024-09-04T09:46:10.480+0000] {subprocess.py:93} INFO - fetched order_items of 2 orders
[2024-09-04T09:46:10.480+0000] {subprocess.py:93} INFO - fetched order_items of 3 orders
[2024-09-04T09:46:10.480+0000] {subprocess.py:93} INFO - Finished!!!
[2024-09-04T09:46:10.480+0000] {subprocess.py:93} INFO - there are totally 3 orders fetched
[2024-09-04T09:46:10.481+0000] {subprocess.py:93} INFO - start exporting orders
[2024-09-04T09:46:10.481+0000] {subprocess.py:93} INFO - inserted/updated 3 records into the table "vne_dtw"."raw_amazon"."Orders"
[2024-09-04T09:46:10.481+0000] {subprocess.py:93} INFO - start exporting order_items
[2024-09-04T09:46:10.481+0000] {subprocess.py:93} INFO - inserted/updated 4 records into the table "vne_dtw"."raw_amazon"."OrderItems"
[2024-09-04T09:46:10.490+0000] {subprocess.py:97} INFO - Command exited with return code 0
[2024-09-04T09:46:10.526+0000] {taskinstance.py:1400} INFO - Marking task as SUCCESS. dag_id=run_daily_order_update_dag, task_id=run_daily_order_update_task, execution_date=20240903T200000, start_date=20240904T094559, end_date=20240904T094610
[2024-09-04T09:46:10.572+0000] {local_task_job_runner.py:228} INFO - Task exited with return code 0
[2024-09-04T09:46:10.584+0000] {taskinstance.py:2784} INFO - 0 downstream tasks scheduled from follow-on schedule check
