[2024-09-10T06:31:45.911+0000] {taskinstance.py:1159} INFO - Dependencies all met for dep_context=non-requeueable deps ti=<TaskInstance: run_daily_order_update_dag.run_fetch_raw_amazon_removal_report scheduled__2024-09-10T04:00:00+00:00 [queued]>
[2024-09-10T06:31:45.935+0000] {taskinstance.py:1159} INFO - Dependencies all met for dep_context=requeueable deps ti=<TaskInstance: run_daily_order_update_dag.run_fetch_raw_amazon_removal_report scheduled__2024-09-10T04:00:00+00:00 [queued]>
[2024-09-10T06:31:45.939+0000] {taskinstance.py:1361} INFO - Starting attempt 1 of 1
[2024-09-10T06:31:45.972+0000] {taskinstance.py:1382} INFO - Executing <Task(BashOperator): run_fetch_raw_amazon_removal_report> on 2024-09-10 04:00:00+00:00
[2024-09-10T06:31:45.976+0000] {standard_task_runner.py:57} INFO - Started process 184 to run task
[2024-09-10T06:31:45.983+0000] {standard_task_runner.py:84} INFO - Running: ['***', 'tasks', 'run', 'run_daily_order_update_dag', 'run_fetch_raw_amazon_removal_report', 'scheduled__2024-09-10T04:00:00+00:00', '--job-id', '307', '--raw', '--subdir', 'DAGS_FOLDER/run_daily_order_update.py', '--cfg-path', '/tmp/tmpi8gbx6wk']
[2024-09-10T06:31:45.995+0000] {standard_task_runner.py:85} INFO - Job 307: Subtask run_fetch_raw_amazon_removal_report
[2024-09-10T06:31:46.088+0000] {task_command.py:415} INFO - Running <TaskInstance: run_daily_order_update_dag.run_fetch_raw_amazon_removal_report scheduled__2024-09-10T04:00:00+00:00 [running]> on host 2c451b520589
[2024-09-10T06:31:46.212+0000] {taskinstance.py:1660} INFO - Exporting env vars: AIRFLOW_CTX_DAG_OWNER='***' AIRFLOW_CTX_DAG_ID='run_daily_order_update_dag' AIRFLOW_CTX_TASK_ID='run_fetch_raw_amazon_removal_report' AIRFLOW_CTX_EXECUTION_DATE='2024-09-10T04:00:00+00:00' AIRFLOW_CTX_TRY_NUMBER='1' AIRFLOW_CTX_DAG_RUN_ID='scheduled__2024-09-10T04:00:00+00:00'
[2024-09-10T06:31:46.213+0000] {subprocess.py:63} INFO - Tmp dir root location: /tmp
[2024-09-10T06:31:46.213+0000] {subprocess.py:75} INFO - Running command: ['/bin/bash', '-c', 'docker exec python-scripts-container python3 /opt/python_scripts/run_fetch_raw_amazon_removal_report.py']
[2024-09-10T06:31:46.218+0000] {subprocess.py:86} INFO - Output:
[2024-09-10T06:32:32.196+0000] {subprocess.py:93} INFO - Report status is IN_QUEUE, retrying... (1/60)
[2024-09-10T06:32:32.201+0000] {subprocess.py:93} INFO - Report status is IN_QUEUE, retrying... (2/60)
[2024-09-10T06:32:32.201+0000] {subprocess.py:93} INFO - Report status is IN_PROGRESS, retrying... (3/60)
[2024-09-10T06:32:32.205+0000] {subprocess.py:93} INFO - Report status is IN_PROGRESS, retrying... (4/60)
[2024-09-10T06:32:32.205+0000] {subprocess.py:93} INFO - Report status is IN_PROGRESS, retrying... (5/60)
[2024-09-10T06:32:32.205+0000] {subprocess.py:93} INFO - Report status is IN_PROGRESS, retrying... (6/60)
[2024-09-10T06:32:32.205+0000] {subprocess.py:93} INFO - Report status is IN_PROGRESS, retrying... (7/60)
[2024-09-10T06:32:32.205+0000] {subprocess.py:93} INFO - Inserted/updated 11 records into the table "vne_dtw"."raw_amazon"."Removal"
[2024-09-10T06:32:32.282+0000] {subprocess.py:97} INFO - Command exited with return code 0
[2024-09-10T06:32:32.324+0000] {taskinstance.py:1400} INFO - Marking task as SUCCESS. dag_id=run_daily_order_update_dag, task_id=run_fetch_raw_amazon_removal_report, execution_date=20240910T040000, start_date=20240910T063145, end_date=20240910T063232
[2024-09-10T06:32:32.356+0000] {local_task_job_runner.py:228} INFO - Task exited with return code 0
[2024-09-10T06:32:32.378+0000] {taskinstance.py:2784} INFO - 1 downstream tasks scheduled from follow-on schedule check
