[2024-09-09T08:01:19.191+0000] {taskinstance.py:1159} INFO - Dependencies all met for dep_context=non-requeueable deps ti=<TaskInstance: run_daily_order_update_dag.run_daily_order_update_task manual__2024-09-09T08:01:17.148302+00:00 [queued]>
[2024-09-09T08:01:19.198+0000] {taskinstance.py:1159} INFO - Dependencies all met for dep_context=requeueable deps ti=<TaskInstance: run_daily_order_update_dag.run_daily_order_update_task manual__2024-09-09T08:01:17.148302+00:00 [queued]>
[2024-09-09T08:01:19.198+0000] {taskinstance.py:1361} INFO - Starting attempt 1 of 1
[2024-09-09T08:01:19.210+0000] {taskinstance.py:1382} INFO - Executing <Task(BashOperator): run_daily_order_update_task> on 2024-09-09 08:01:17.148302+00:00
[2024-09-09T08:01:19.221+0000] {standard_task_runner.py:57} INFO - Started process 1640 to run task
[2024-09-09T08:01:19.223+0000] {standard_task_runner.py:84} INFO - Running: ['***', 'tasks', 'run', 'run_daily_order_update_dag', 'run_daily_order_update_task', 'manual__2024-09-09T08:01:17.148302+00:00', '--job-id', '230', '--raw', '--subdir', 'DAGS_FOLDER/run_daily_order_update.py', '--cfg-path', '/tmp/tmp0bzi8n4o']
[2024-09-09T08:01:19.228+0000] {standard_task_runner.py:85} INFO - Job 230: Subtask run_daily_order_update_task
[2024-09-09T08:01:19.291+0000] {task_command.py:415} INFO - Running <TaskInstance: run_daily_order_update_dag.run_daily_order_update_task manual__2024-09-09T08:01:17.148302+00:00 [running]> on host 5c121da44a2d
[2024-09-09T08:01:19.335+0000] {taskinstance.py:1660} INFO - Exporting env vars: AIRFLOW_CTX_DAG_OWNER='***' AIRFLOW_CTX_DAG_ID='run_daily_order_update_dag' AIRFLOW_CTX_TASK_ID='run_daily_order_update_task' AIRFLOW_CTX_EXECUTION_DATE='2024-09-09T08:01:17.148302+00:00' AIRFLOW_CTX_TRY_NUMBER='1' AIRFLOW_CTX_DAG_RUN_ID='manual__2024-09-09T08:01:17.148302+00:00'
[2024-09-09T08:01:19.336+0000] {subprocess.py:63} INFO - Tmp dir root location: /tmp
[2024-09-09T08:01:19.337+0000] {subprocess.py:75} INFO - Running command: ['/bin/bash', '-c', 'docker exec python-scripts-container python3 /opt/python_scripts/run_fetch_raw_amazon_Orders.py']
[2024-09-09T08:01:19.345+0000] {subprocess.py:86} INFO - Output:
[2024-09-09T08:06:30.123+0000] {subprocess.py:93} INFO - fetching data from 2024-09-05 11:12:50 and 2024-09-09 07:31:19
[2024-09-09T08:06:30.135+0000] {subprocess.py:93} INFO - {'BuyerInfo': {'BuyerEmail': 'yps3bbgc6yfltlw@marketplace.amazon.com'}, 'AmazonOrderId': '111-9232712-8909028', 'EarliestShipDate': '2024-09-05T06:59:59Z', 'SalesChannel': 'Amazon.com', 'OrderStatus': 'Shipped', 'NumberOfItemsShipped': 1, 'OrderType': 'StandardOrder', 'IsPremiumOrder': False, 'IsPrime': False, 'FulfillmentChannel': 'AFN', 'NumberOfItemsUnshipped': 0, 'HasRegulatedItems': False, 'IsReplacementOrder': 'false', 'IsSoldByAB': False, 'LatestShipDate': '2024-09-05T06:59:59Z', 'ShipServiceLevel': 'Expedited', 'IsISPU': False, 'MarketplaceId': 'ATVPDKIKX0DER', 'PurchaseDate': '2024-09-05T01:39:06Z', 'ShippingAddress': {'StateOrRegion': 'NC', 'PostalCode': '28023-8332', 'City': 'CHINA GROVE', 'CountryCode': 'US'}, 'IsAccessPointOrder': False, 'SellerOrderId': '111-9232712-8909028', 'PaymentMethod': 'Other', 'IsBusinessOrder': False, 'OrderTotal': {'CurrencyCode': 'USD', 'Amount': '10.69'}, 'PaymentMethodDetails': ['Standard'], 'IsGlobalExpressEnabled': False, 'LastUpdateDate': '2024-09-05T15:40:38Z', 'ShipmentServiceLevelCategory': 'Expedited'}
[2024-09-09T08:06:30.137+0000] {subprocess.py:93} INFO - next_token: tcqVI0t8Z/N/YYuZQbKv1QafEPREmauvizt1MIhPYZaTYAG1QW2mBTnPL86QBKEncjg1wBH0Gqd1t2x/XkuNgt8ytOVgN7d/KyNtf5fepe0z86MVYTeRnynffuHkSwjeTD9zndMsR9GS68vI7Bqws+weLxD7b1CVWLVMrapfx5DVUpivTdaPG//TUSEbJeY1llhc4XvGqg5e0zIeaOVNezxWEXvdeDL7lkmlyvXi83YAUgtuV13DCraOmkJmUXejcVkxA+q0fZYwE7+t4NjazyEZY027dXAVTSGshRBy6ZTthhfBGj6Dwh9DV8iyDXzG25news0zC1zLN4ZFVefupGsrXUw7KHe5iR968g+AmvdRU2qLALSK1B4/DDdDdta32PcLg6pthEASyoYkkmy7z4+envNcHi417Ttna6aLqdym0a5RYbp23g==
[2024-09-09T08:06:30.138+0000] {subprocess.py:93} INFO - {'BuyerInfo': {}, 'AmazonOrderId': '114-1142055-3149865', 'EarliestShipDate': '2024-09-10T06:59:59Z', 'SalesChannel': 'Amazon.com', 'OrderStatus': 'Pending', 'NumberOfItemsShipped': 0, 'OrderType': 'StandardOrder', 'IsPremiumOrder': False, 'IsPrime': False, 'FulfillmentChannel': 'AFN', 'NumberOfItemsUnshipped': 4, 'HasRegulatedItems': False, 'IsReplacementOrder': 'false', 'IsSoldByAB': False, 'LatestShipDate': '2024-09-10T06:59:59Z', 'ShipServiceLevel': 'NextDay', 'IsISPU': False, 'MarketplaceId': 'ATVPDKIKX0DER', 'PurchaseDate': '2024-09-09T01:51:15Z', 'IsAccessPointOrder': False, 'SellerOrderId': '114-1142055-3149865', 'PaymentMethod': 'Other', 'IsBusinessOrder': False, 'PaymentMethodDetails': ['Standard'], 'IsGlobalExpressEnabled': False, 'LastUpdateDate': '2024-09-09T06:33:40Z', 'ShipmentServiceLevelCategory': 'NextDay'}
[2024-09-09T08:06:30.141+0000] {subprocess.py:93} INFO - next_token: None
[2024-09-09T08:06:30.141+0000] {subprocess.py:93} INFO - chunk finished
[2024-09-09T08:06:30.142+0000] {subprocess.py:93} INFO - Status Code: 200
[2024-09-09T08:06:30.143+0000] {subprocess.py:93} INFO - 1 chunk fetched succesfully!
[2024-09-09T08:06:30.143+0000] {subprocess.py:93} INFO - sleeping for 5 seconds to avoid exceed rate limit
[2024-09-09T08:06:30.144+0000] {subprocess.py:93} INFO - fetched order_items of 1 orders
[2024-09-09T08:06:30.144+0000] {subprocess.py:93} INFO - fetched order_items of 2 orders
[2024-09-09T08:06:30.144+0000] {subprocess.py:93} INFO - fetched order_items of 3 orders
[2024-09-09T08:06:30.144+0000] {subprocess.py:93} INFO - fetched order_items of 4 orders
[2024-09-09T08:06:30.144+0000] {subprocess.py:93} INFO - fetched order_items of 5 orders
[2024-09-09T08:06:30.144+0000] {subprocess.py:93} INFO - fetched order_items of 6 orders
[2024-09-09T08:06:30.145+0000] {subprocess.py:93} INFO - fetched order_items of 7 orders
[2024-09-09T08:06:30.145+0000] {subprocess.py:93} INFO - fetched order_items of 8 orders
[2024-09-09T08:06:30.145+0000] {subprocess.py:93} INFO - fetched order_items of 9 orders
[2024-09-09T08:06:30.146+0000] {subprocess.py:93} INFO - An error occure! status_code : 429
[2024-09-09T08:06:30.146+0000] {subprocess.py:93} INFO - status_code: 429
[2024-09-09T08:06:30.147+0000] {subprocess.py:93} INFO - exceeded rate limit, sleeping for 30  seconds before retry 2th time
[2024-09-09T08:06:30.147+0000] {subprocess.py:93} INFO - fetched order_items of 10 orders
[2024-09-09T08:06:30.147+0000] {subprocess.py:93} INFO - fetched order_items of 11 orders
[2024-09-09T08:06:30.147+0000] {subprocess.py:93} INFO - fetched order_items of 12 orders
[2024-09-09T08:06:30.148+0000] {subprocess.py:93} INFO - fetched order_items of 13 orders
[2024-09-09T08:06:30.148+0000] {subprocess.py:93} INFO - fetched order_items of 14 orders
[2024-09-09T08:06:30.148+0000] {subprocess.py:93} INFO - fetched order_items of 15 orders
[2024-09-09T08:06:30.148+0000] {subprocess.py:93} INFO - fetched order_items of 16 orders
[2024-09-09T08:06:30.148+0000] {subprocess.py:93} INFO - fetched order_items of 17 orders
[2024-09-09T08:06:30.148+0000] {subprocess.py:93} INFO - fetched order_items of 18 orders
[2024-09-09T08:06:30.148+0000] {subprocess.py:93} INFO - fetched order_items of 19 orders
[2024-09-09T08:06:30.148+0000] {subprocess.py:93} INFO - An error occure! status_code : 429
[2024-09-09T08:06:30.148+0000] {subprocess.py:93} INFO - status_code: 429
[2024-09-09T08:06:30.148+0000] {subprocess.py:93} INFO - exceeded rate limit, sleeping for 30  seconds before retry 2th time
[2024-09-09T08:06:30.149+0000] {subprocess.py:93} INFO - fetched order_items of 20 orders
[2024-09-09T08:06:30.149+0000] {subprocess.py:93} INFO - fetched order_items of 21 orders
[2024-09-09T08:06:30.149+0000] {subprocess.py:93} INFO - fetched order_items of 22 orders
[2024-09-09T08:06:30.149+0000] {subprocess.py:93} INFO - fetched order_items of 23 orders
[2024-09-09T08:06:30.149+0000] {subprocess.py:93} INFO - fetched order_items of 24 orders
[2024-09-09T08:06:30.149+0000] {subprocess.py:93} INFO - fetched order_items of 25 orders
[2024-09-09T08:06:30.150+0000] {subprocess.py:93} INFO - fetched order_items of 26 orders
[2024-09-09T08:06:30.150+0000] {subprocess.py:93} INFO - fetched order_items of 27 orders
[2024-09-09T08:06:30.150+0000] {subprocess.py:93} INFO - fetched order_items of 28 orders
[2024-09-09T08:06:30.150+0000] {subprocess.py:93} INFO - An error occure! status_code : 429
[2024-09-09T08:06:30.151+0000] {subprocess.py:93} INFO - status_code: 429
[2024-09-09T08:06:30.151+0000] {subprocess.py:93} INFO - exceeded rate limit, sleeping for 30  seconds before retry 2th time
[2024-09-09T08:06:30.151+0000] {subprocess.py:93} INFO - fetched order_items of 29 orders
[2024-09-09T08:06:30.151+0000] {subprocess.py:93} INFO - fetched order_items of 30 orders
[2024-09-09T08:06:30.152+0000] {subprocess.py:93} INFO - fetched order_items of 31 orders
[2024-09-09T08:06:30.152+0000] {subprocess.py:93} INFO - fetched order_items of 32 orders
[2024-09-09T08:06:30.152+0000] {subprocess.py:93} INFO - fetched order_items of 33 orders
[2024-09-09T08:06:30.152+0000] {subprocess.py:93} INFO - fetched order_items of 34 orders
[2024-09-09T08:06:30.152+0000] {subprocess.py:93} INFO - fetched order_items of 35 orders
[2024-09-09T08:06:30.152+0000] {subprocess.py:93} INFO - fetched order_items of 36 orders
[2024-09-09T08:06:30.152+0000] {subprocess.py:93} INFO - fetched order_items of 37 orders
[2024-09-09T08:06:30.153+0000] {subprocess.py:93} INFO - fetched order_items of 38 orders
[2024-09-09T08:06:30.153+0000] {subprocess.py:93} INFO - An error occure! status_code : 429
[2024-09-09T08:06:30.153+0000] {subprocess.py:93} INFO - status_code: 429
[2024-09-09T08:06:30.153+0000] {subprocess.py:93} INFO - exceeded rate limit, sleeping for 30  seconds before retry 2th time
[2024-09-09T08:06:30.153+0000] {subprocess.py:93} INFO - fetched order_items of 39 orders
[2024-09-09T08:06:30.154+0000] {subprocess.py:93} INFO - fetched order_items of 40 orders
[2024-09-09T08:06:30.154+0000] {subprocess.py:93} INFO - fetched order_items of 41 orders
[2024-09-09T08:06:30.154+0000] {subprocess.py:93} INFO - fetched order_items of 42 orders
[2024-09-09T08:06:30.154+0000] {subprocess.py:93} INFO - fetched order_items of 43 orders
[2024-09-09T08:06:30.154+0000] {subprocess.py:93} INFO - fetched order_items of 44 orders
[2024-09-09T08:06:30.155+0000] {subprocess.py:93} INFO - fetched order_items of 45 orders
[2024-09-09T08:06:30.155+0000] {subprocess.py:93} INFO - fetched order_items of 46 orders
[2024-09-09T08:06:30.155+0000] {subprocess.py:93} INFO - fetched order_items of 47 orders
[2024-09-09T08:06:30.155+0000] {subprocess.py:93} INFO - An error occure! status_code : 429
[2024-09-09T08:06:30.155+0000] {subprocess.py:93} INFO - status_code: 429
[2024-09-09T08:06:30.155+0000] {subprocess.py:93} INFO - exceeded rate limit, sleeping for 30  seconds before retry 2th time
[2024-09-09T08:06:30.156+0000] {subprocess.py:93} INFO - fetched order_items of 48 orders
[2024-09-09T08:06:30.156+0000] {subprocess.py:93} INFO - fetched order_items of 49 orders
[2024-09-09T08:06:30.156+0000] {subprocess.py:93} INFO - fetched order_items of 50 orders
[2024-09-09T08:06:30.156+0000] {subprocess.py:93} INFO - fetched order_items of 51 orders
[2024-09-09T08:06:30.156+0000] {subprocess.py:93} INFO - fetched order_items of 52 orders
[2024-09-09T08:06:30.156+0000] {subprocess.py:93} INFO - fetched order_items of 53 orders
[2024-09-09T08:06:30.156+0000] {subprocess.py:93} INFO - fetched order_items of 54 orders
[2024-09-09T08:06:30.157+0000] {subprocess.py:93} INFO - fetched order_items of 55 orders
[2024-09-09T08:06:30.157+0000] {subprocess.py:93} INFO - fetched order_items of 56 orders
[2024-09-09T08:06:30.157+0000] {subprocess.py:93} INFO - fetched order_items of 57 orders
[2024-09-09T08:06:30.157+0000] {subprocess.py:93} INFO - fetched order_items of 58 orders
[2024-09-09T08:06:30.157+0000] {subprocess.py:93} INFO - fetched order_items of 59 orders
[2024-09-09T08:06:30.157+0000] {subprocess.py:93} INFO - fetched order_items of 60 orders
[2024-09-09T08:06:30.158+0000] {subprocess.py:93} INFO - fetched order_items of 61 orders
[2024-09-09T08:06:30.158+0000] {subprocess.py:93} INFO - fetched order_items of 62 orders
[2024-09-09T08:06:30.158+0000] {subprocess.py:93} INFO - fetched order_items of 63 orders
[2024-09-09T08:06:30.158+0000] {subprocess.py:93} INFO - fetched order_items of 64 orders
[2024-09-09T08:06:30.158+0000] {subprocess.py:93} INFO - An error occure! status_code : 429
[2024-09-09T08:06:30.158+0000] {subprocess.py:93} INFO - status_code: 429
[2024-09-09T08:06:30.159+0000] {subprocess.py:93} INFO - exceeded rate limit, sleeping for 30  seconds before retry 2th time
[2024-09-09T08:06:30.159+0000] {subprocess.py:93} INFO - fetched order_items of 65 orders
[2024-09-09T08:06:30.159+0000] {subprocess.py:93} INFO - fetched order_items of 66 orders
[2024-09-09T08:06:30.159+0000] {subprocess.py:93} INFO - fetched order_items of 67 orders
[2024-09-09T08:06:30.159+0000] {subprocess.py:93} INFO - fetched order_items of 68 orders
[2024-09-09T08:06:30.159+0000] {subprocess.py:93} INFO - fetched order_items of 69 orders
[2024-09-09T08:06:30.159+0000] {subprocess.py:93} INFO - fetched order_items of 70 orders
[2024-09-09T08:06:30.160+0000] {subprocess.py:93} INFO - fetched order_items of 71 orders
[2024-09-09T08:06:30.160+0000] {subprocess.py:93} INFO - fetched order_items of 72 orders
[2024-09-09T08:06:30.160+0000] {subprocess.py:93} INFO - fetched order_items of 73 orders
[2024-09-09T08:06:30.160+0000] {subprocess.py:93} INFO - fetched order_items of 74 orders
[2024-09-09T08:06:30.160+0000] {subprocess.py:93} INFO - fetched order_items of 75 orders
[2024-09-09T08:06:30.160+0000] {subprocess.py:93} INFO - fetched order_items of 76 orders
[2024-09-09T08:06:30.160+0000] {subprocess.py:93} INFO - fetched order_items of 77 orders
[2024-09-09T08:06:30.161+0000] {subprocess.py:93} INFO - fetched order_items of 78 orders
[2024-09-09T08:06:30.161+0000] {subprocess.py:93} INFO - fetched order_items of 79 orders
[2024-09-09T08:06:30.161+0000] {subprocess.py:93} INFO - fetched order_items of 80 orders
[2024-09-09T08:06:30.161+0000] {subprocess.py:93} INFO - fetched order_items of 81 orders
[2024-09-09T08:06:30.161+0000] {subprocess.py:93} INFO - fetched order_items of 82 orders
[2024-09-09T08:06:30.162+0000] {subprocess.py:93} INFO - fetched order_items of 83 orders
[2024-09-09T08:06:30.162+0000] {subprocess.py:93} INFO - fetched order_items of 84 orders
[2024-09-09T08:06:30.162+0000] {subprocess.py:93} INFO - fetched order_items of 85 orders
[2024-09-09T08:06:30.162+0000] {subprocess.py:93} INFO - fetched order_items of 86 orders
[2024-09-09T08:06:30.162+0000] {subprocess.py:93} INFO - fetched order_items of 87 orders
[2024-09-09T08:06:30.163+0000] {subprocess.py:93} INFO - fetched order_items of 88 orders
[2024-09-09T08:06:30.163+0000] {subprocess.py:93} INFO - fetched order_items of 89 orders
[2024-09-09T08:06:30.163+0000] {subprocess.py:93} INFO - fetched order_items of 90 orders
[2024-09-09T08:06:30.163+0000] {subprocess.py:93} INFO - fetched order_items of 91 orders
[2024-09-09T08:06:30.163+0000] {subprocess.py:93} INFO - An error occure! status_code : 429
[2024-09-09T08:06:30.163+0000] {subprocess.py:93} INFO - status_code: 429
[2024-09-09T08:06:30.163+0000] {subprocess.py:93} INFO - exceeded rate limit, sleeping for 30  seconds before retry 2th time
[2024-09-09T08:06:30.164+0000] {subprocess.py:93} INFO - fetched order_items of 92 orders
[2024-09-09T08:06:30.164+0000] {subprocess.py:93} INFO - fetched order_items of 93 orders
[2024-09-09T08:06:30.164+0000] {subprocess.py:93} INFO - fetched order_items of 94 orders
[2024-09-09T08:06:30.164+0000] {subprocess.py:93} INFO - fetched order_items of 95 orders
[2024-09-09T08:06:30.164+0000] {subprocess.py:93} INFO - fetched order_items of 96 orders
[2024-09-09T08:06:30.164+0000] {subprocess.py:93} INFO - fetched order_items of 97 orders
[2024-09-09T08:06:30.164+0000] {subprocess.py:93} INFO - fetched order_items of 98 orders
[2024-09-09T08:06:30.165+0000] {subprocess.py:93} INFO - fetched order_items of 99 orders
[2024-09-09T08:06:30.165+0000] {subprocess.py:93} INFO - fetched order_items of 100 orders
[2024-09-09T08:06:30.165+0000] {subprocess.py:93} INFO - fetched order_items of 101 orders
[2024-09-09T08:06:30.165+0000] {subprocess.py:93} INFO - fetched order_items of 102 orders
[2024-09-09T08:06:30.165+0000] {subprocess.py:93} INFO - fetched order_items of 103 orders
[2024-09-09T08:06:30.165+0000] {subprocess.py:93} INFO - fetched order_items of 104 orders
[2024-09-09T08:06:30.165+0000] {subprocess.py:93} INFO - fetched order_items of 105 orders
[2024-09-09T08:06:30.166+0000] {subprocess.py:93} INFO - fetched order_items of 106 orders
[2024-09-09T08:06:30.166+0000] {subprocess.py:93} INFO - fetched order_items of 107 orders
[2024-09-09T08:06:30.166+0000] {subprocess.py:93} INFO - Finished!!!
[2024-09-09T08:06:30.166+0000] {subprocess.py:93} INFO - there are totally 107 orders fetched
[2024-09-09T08:06:30.166+0000] {subprocess.py:93} INFO - start exporting orders
[2024-09-09T08:06:30.166+0000] {subprocess.py:93} INFO - Error during insert/update operation: column "A" does not exist
[2024-09-09T08:06:30.166+0000] {subprocess.py:93} INFO - LINE 4:                 ON CONFLICT ("A", "m", "a", "z", "o", "n", "...
[2024-09-09T08:06:30.166+0000] {subprocess.py:93} INFO -                                     ^
[2024-09-09T08:06:30.167+0000] {subprocess.py:93} INFO - 
[2024-09-09T08:06:30.167+0000] {subprocess.py:93} INFO - start exporting order_items
[2024-09-09T08:06:30.167+0000] {subprocess.py:93} INFO - Error during insert/update operation: column "o" does not exist
[2024-09-09T08:06:30.167+0000] {subprocess.py:93} INFO - LINE 4:                 ON CONFLICT ("o", "r", "d", "e", "r", "_", "...
[2024-09-09T08:06:30.167+0000] {subprocess.py:93} INFO -                                     ^
[2024-09-09T08:06:30.167+0000] {subprocess.py:93} INFO - 
[2024-09-09T08:06:30.182+0000] {subprocess.py:97} INFO - Command exited with return code 0
[2024-09-09T08:06:30.243+0000] {taskinstance.py:1400} INFO - Marking task as SUCCESS. dag_id=run_daily_order_update_dag, task_id=run_daily_order_update_task, execution_date=20240909T080117, start_date=20240909T080119, end_date=20240909T080630
[2024-09-09T08:06:30.298+0000] {local_task_job_runner.py:228} INFO - Task exited with return code 0
[2024-09-09T08:06:30.318+0000] {taskinstance.py:2784} INFO - 0 downstream tasks scheduled from follow-on schedule check
