[2024-09-09T14:00:01.457+0000] {taskinstance.py:1159} INFO - Dependencies all met for dep_context=non-requeueable deps ti=<TaskInstance: run_daily_order_update_dag.run_daily_order_update_task scheduled__2024-09-09T12:00:00+00:00 [queued]>
[2024-09-09T14:00:01.461+0000] {taskinstance.py:1159} INFO - Dependencies all met for dep_context=requeueable deps ti=<TaskInstance: run_daily_order_update_dag.run_daily_order_update_task scheduled__2024-09-09T12:00:00+00:00 [queued]>
[2024-09-09T14:00:01.461+0000] {taskinstance.py:1361} INFO - Starting attempt 1 of 1
[2024-09-09T14:00:01.468+0000] {taskinstance.py:1382} INFO - Executing <Task(BashOperator): run_daily_order_update_task> on 2024-09-09 12:00:00+00:00
[2024-09-09T14:00:01.476+0000] {standard_task_runner.py:57} INFO - Started process 1880 to run task
[2024-09-09T14:00:01.479+0000] {standard_task_runner.py:84} INFO - Running: ['***', 'tasks', 'run', 'run_daily_order_update_dag', 'run_daily_order_update_task', 'scheduled__2024-09-09T12:00:00+00:00', '--job-id', '241', '--raw', '--subdir', 'DAGS_FOLDER/run_daily_order_update.py', '--cfg-path', '/tmp/tmp8ntri50v']
[2024-09-09T14:00:01.481+0000] {standard_task_runner.py:85} INFO - Job 241: Subtask run_daily_order_update_task
[2024-09-09T14:00:01.532+0000] {task_command.py:415} INFO - Running <TaskInstance: run_daily_order_update_dag.run_daily_order_update_task scheduled__2024-09-09T12:00:00+00:00 [running]> on host 2c451b520589
[2024-09-09T14:00:01.577+0000] {taskinstance.py:1660} INFO - Exporting env vars: AIRFLOW_CTX_DAG_OWNER='***' AIRFLOW_CTX_DAG_ID='run_daily_order_update_dag' AIRFLOW_CTX_TASK_ID='run_daily_order_update_task' AIRFLOW_CTX_EXECUTION_DATE='2024-09-09T12:00:00+00:00' AIRFLOW_CTX_TRY_NUMBER='1' AIRFLOW_CTX_DAG_RUN_ID='scheduled__2024-09-09T12:00:00+00:00'
[2024-09-09T14:00:01.578+0000] {subprocess.py:63} INFO - Tmp dir root location: /tmp
[2024-09-09T14:00:01.578+0000] {subprocess.py:75} INFO - Running command: ['/bin/bash', '-c', 'docker exec python-scripts-container python3 /opt/python_scripts/run_fetch_raw_amazon_Orders.py']
[2024-09-09T14:00:01.592+0000] {subprocess.py:86} INFO - Output:
[2024-09-09T14:00:12.264+0000] {subprocess.py:93} INFO - fetching data from 2024-09-09 10:06:14 and 2024-09-09 13:30:02
[2024-09-09T14:00:12.272+0000] {subprocess.py:93} INFO - {'BuyerInfo': {}, 'AmazonOrderId': '112-3441934-2832242', 'EarliestShipDate': '2024-09-10T06:59:59Z', 'SalesChannel': 'Amazon.com', 'OrderStatus': 'Pending', 'NumberOfItemsShipped': 0, 'OrderType': 'StandardOrder', 'IsPremiumOrder': False, 'IsPrime': False, 'FulfillmentChannel': 'AFN', 'NumberOfItemsUnshipped': 1, 'HasRegulatedItems': False, 'IsReplacementOrder': 'false', 'IsSoldByAB': False, 'LatestShipDate': '2024-09-10T06:59:59Z', 'ShipServiceLevel': 'Expedited', 'IsISPU': False, 'MarketplaceId': 'ATVPDKIKX0DER', 'PurchaseDate': '2024-09-09T12:19:23Z', 'IsAccessPointOrder': False, 'SellerOrderId': '112-3441934-2832242', 'PaymentMethod': 'Other', 'IsBusinessOrder': False, 'PaymentMethodDetails': ['Standard'], 'IsGlobalExpressEnabled': False, 'LastUpdateDate': '2024-09-09T12:19:34Z', 'ShipmentServiceLevelCategory': 'Expedited'}
[2024-09-09T14:00:12.272+0000] {subprocess.py:93} INFO - next_token: None
[2024-09-09T14:00:12.272+0000] {subprocess.py:93} INFO - chunk finished
[2024-09-09T14:00:12.273+0000] {subprocess.py:93} INFO - Status Code: 200
[2024-09-09T14:00:12.273+0000] {subprocess.py:93} INFO - 1 chunk fetched succesfully!
[2024-09-09T14:00:12.273+0000] {subprocess.py:93} INFO - sleeping for 5 seconds to avoid exceed rate limit
[2024-09-09T14:00:12.274+0000] {subprocess.py:93} INFO - fetched order_items of 1 orders
[2024-09-09T14:00:12.274+0000] {subprocess.py:93} INFO - fetched order_items of 2 orders
[2024-09-09T14:00:12.274+0000] {subprocess.py:93} INFO - fetched order_items of 3 orders
[2024-09-09T14:00:12.274+0000] {subprocess.py:93} INFO - fetched order_items of 4 orders
[2024-09-09T14:00:12.275+0000] {subprocess.py:93} INFO - Finished!!!
[2024-09-09T14:00:12.275+0000] {subprocess.py:93} INFO - there are totally 4 orders fetched
[2024-09-09T14:00:12.275+0000] {subprocess.py:93} INFO - start exporting orders
[2024-09-09T14:00:12.276+0000] {subprocess.py:93} INFO - Inserted/updated 4 records into the table "vne_dtw"."raw_amazon"."Orders"
[2024-09-09T14:00:12.276+0000] {subprocess.py:93} INFO - start exporting order_items
[2024-09-09T14:00:12.276+0000] {subprocess.py:93} INFO - Inserted/updated 4 records into the table "vne_dtw"."raw_amazon"."OrderItems"
[2024-09-09T14:00:12.321+0000] {subprocess.py:97} INFO - Command exited with return code 0
[2024-09-09T14:00:12.363+0000] {taskinstance.py:1400} INFO - Marking task as SUCCESS. dag_id=run_daily_order_update_dag, task_id=run_daily_order_update_task, execution_date=20240909T120000, start_date=20240909T140001, end_date=20240909T140012
[2024-09-09T14:00:12.423+0000] {local_task_job_runner.py:228} INFO - Task exited with return code 0
[2024-09-09T14:00:12.438+0000] {taskinstance.py:2784} INFO - 0 downstream tasks scheduled from follow-on schedule check
