[2024-09-09T20:45:58.667+0000] {taskinstance.py:1159} INFO - Dependencies all met for dep_context=non-requeueable deps ti=<TaskInstance: run_daily_order_update_dag.run_fetch_raw_amazon_removal_report manual__2024-09-09T20:45:57.532354+00:00 [queued]>
[2024-09-09T20:45:58.674+0000] {taskinstance.py:1159} INFO - Dependencies all met for dep_context=requeueable deps ti=<TaskInstance: run_daily_order_update_dag.run_fetch_raw_amazon_removal_report manual__2024-09-09T20:45:57.532354+00:00 [queued]>
[2024-09-09T20:45:58.675+0000] {taskinstance.py:1361} INFO - Starting attempt 1 of 1
[2024-09-09T20:45:58.684+0000] {taskinstance.py:1382} INFO - Executing <Task(BashOperator): run_fetch_raw_amazon_removal_report> on 2024-09-09 20:45:57.532354+00:00
[2024-09-09T20:45:58.690+0000] {standard_task_runner.py:57} INFO - Started process 541 to run task
[2024-09-09T20:45:58.698+0000] {standard_task_runner.py:84} INFO - Running: ['***', 'tasks', 'run', 'run_daily_order_update_dag', 'run_fetch_raw_amazon_removal_report', 'manual__2024-09-09T20:45:57.532354+00:00', '--job-id', '263', '--raw', '--subdir', 'DAGS_FOLDER/run_daily_order_update.py', '--cfg-path', '/tmp/tmpqtxflsq2']
[2024-09-09T20:45:58.701+0000] {standard_task_runner.py:85} INFO - Job 263: Subtask run_fetch_raw_amazon_removal_report
[2024-09-09T20:45:58.751+0000] {task_command.py:415} INFO - Running <TaskInstance: run_daily_order_update_dag.run_fetch_raw_amazon_removal_report manual__2024-09-09T20:45:57.532354+00:00 [running]> on host 5c121da44a2d
[2024-09-09T20:45:58.799+0000] {taskinstance.py:1660} INFO - Exporting env vars: AIRFLOW_CTX_DAG_OWNER='***' AIRFLOW_CTX_DAG_ID='run_daily_order_update_dag' AIRFLOW_CTX_TASK_ID='run_fetch_raw_amazon_removal_report' AIRFLOW_CTX_EXECUTION_DATE='2024-09-09T20:45:57.532354+00:00' AIRFLOW_CTX_TRY_NUMBER='1' AIRFLOW_CTX_DAG_RUN_ID='manual__2024-09-09T20:45:57.532354+00:00'
[2024-09-09T20:45:58.800+0000] {subprocess.py:63} INFO - Tmp dir root location: /tmp
[2024-09-09T20:45:58.801+0000] {subprocess.py:75} INFO - Running command: ['/bin/bash', '-c', 'docker exec python-scripts-container python3 /opt/python_scripts/run_fetch_raw_amazon_removal_report.py']
[2024-09-09T20:45:58.807+0000] {subprocess.py:86} INFO - Output:
[2024-09-09T20:46:26.915+0000] {subprocess.py:93} INFO - Report status is IN_QUEUE, retrying... (1/60)
[2024-09-09T20:46:26.922+0000] {subprocess.py:93} INFO - Report status is IN_PROGRESS, retrying... (2/60)
[2024-09-09T20:46:26.923+0000] {subprocess.py:93} INFO - Report status is IN_PROGRESS, retrying... (3/60)
[2024-09-09T20:46:26.923+0000] {subprocess.py:93} INFO - Report status is IN_PROGRESS, retrying... (4/60)
[2024-09-09T20:46:26.923+0000] {subprocess.py:93} INFO - Inserted/updated 11 records into the table "vne_dtw"."raw_amazon"."Removal"
[2024-09-09T20:46:27.028+0000] {subprocess.py:97} INFO - Command exited with return code 0
[2024-09-09T20:46:27.059+0000] {taskinstance.py:1400} INFO - Marking task as SUCCESS. dag_id=run_daily_order_update_dag, task_id=run_fetch_raw_amazon_removal_report, execution_date=20240909T204557, start_date=20240909T204558, end_date=20240909T204627
[2024-09-09T20:46:27.116+0000] {local_task_job_runner.py:228} INFO - Task exited with return code 0
[2024-09-09T20:46:27.138+0000] {taskinstance.py:2784} INFO - 1 downstream tasks scheduled from follow-on schedule check
