[2024-09-09T20:14:18.481+0000] {taskinstance.py:1159} INFO - Dependencies all met for dep_context=non-requeueable deps ti=<TaskInstance: run_daily_order_update_dag.run_fetch_raw_amazon_PurchasingOrdersDetail scheduled__2024-09-09T18:00:00+00:00 [queued]>
[2024-09-09T20:14:18.501+0000] {taskinstance.py:1159} INFO - Dependencies all met for dep_context=requeueable deps ti=<TaskInstance: run_daily_order_update_dag.run_fetch_raw_amazon_PurchasingOrdersDetail scheduled__2024-09-09T18:00:00+00:00 [queued]>
[2024-09-09T20:14:18.503+0000] {taskinstance.py:1361} INFO - Starting attempt 1 of 1
[2024-09-09T20:14:18.545+0000] {taskinstance.py:1382} INFO - Executing <Task(BashOperator): run_fetch_raw_amazon_PurchasingOrdersDetail> on 2024-09-09 18:00:00+00:00
[2024-09-09T20:14:18.578+0000] {standard_task_runner.py:57} INFO - Started process 184 to run task
[2024-09-09T20:14:18.584+0000] {standard_task_runner.py:84} INFO - Running: ['***', 'tasks', 'run', 'run_daily_order_update_dag', 'run_fetch_raw_amazon_PurchasingOrdersDetail', 'scheduled__2024-09-09T18:00:00+00:00', '--job-id', '247', '--raw', '--subdir', 'DAGS_FOLDER/run_daily_order_update.py', '--cfg-path', '/tmp/tmpmzr_7u23']
[2024-09-09T20:14:18.593+0000] {standard_task_runner.py:85} INFO - Job 247: Subtask run_fetch_raw_amazon_PurchasingOrdersDetail
[2024-09-09T20:14:18.711+0000] {task_command.py:415} INFO - Running <TaskInstance: run_daily_order_update_dag.run_fetch_raw_amazon_PurchasingOrdersDetail scheduled__2024-09-09T18:00:00+00:00 [running]> on host 2c451b520589
[2024-09-09T20:14:18.888+0000] {taskinstance.py:1660} INFO - Exporting env vars: AIRFLOW_CTX_DAG_OWNER='***' AIRFLOW_CTX_DAG_ID='run_daily_order_update_dag' AIRFLOW_CTX_TASK_ID='run_fetch_raw_amazon_PurchasingOrdersDetail' AIRFLOW_CTX_EXECUTION_DATE='2024-09-09T18:00:00+00:00' AIRFLOW_CTX_TRY_NUMBER='1' AIRFLOW_CTX_DAG_RUN_ID='scheduled__2024-09-09T18:00:00+00:00'
[2024-09-09T20:14:18.895+0000] {subprocess.py:63} INFO - Tmp dir root location: /tmp
[2024-09-09T20:14:18.897+0000] {subprocess.py:75} INFO - Running command: ['/bin/bash', '-c', 'docker exec python-scripts-container python3 /opt/python_scripts/run_fetch_raw_amazon_PurchasingOrdersDetail.py']
[2024-09-09T20:14:18.919+0000] {subprocess.py:86} INFO - Output:
[2024-09-09T20:14:24.669+0000] {subprocess.py:93} INFO - 1248
[2024-09-09T20:14:24.674+0000] {subprocess.py:93} INFO - Table 'raw_amazon.VneAmzPurchasingOrdersDetail' has been created/replaced successfully.
[2024-09-09T20:14:24.902+0000] {subprocess.py:97} INFO - Command exited with return code 0
[2024-09-09T20:14:24.940+0000] {taskinstance.py:1400} INFO - Marking task as SUCCESS. dag_id=run_daily_order_update_dag, task_id=run_fetch_raw_amazon_PurchasingOrdersDetail, execution_date=20240909T180000, start_date=20240909T201418, end_date=20240909T201424
[2024-09-09T20:14:24.992+0000] {local_task_job_runner.py:228} INFO - Task exited with return code 0
[2024-09-09T20:14:25.013+0000] {taskinstance.py:2784} INFO - 0 downstream tasks scheduled from follow-on schedule check
[2024-09-09T20:27:45.248+0000] {taskinstance.py:1159} INFO - Dependencies all met for dep_context=non-requeueable deps ti=<TaskInstance: run_daily_order_update_dag.run_fetch_raw_amazon_PurchasingOrdersDetail scheduled__2024-09-09T18:00:00+00:00 [queued]>
[2024-09-09T20:27:45.252+0000] {taskinstance.py:1159} INFO - Dependencies all met for dep_context=requeueable deps ti=<TaskInstance: run_daily_order_update_dag.run_fetch_raw_amazon_PurchasingOrdersDetail scheduled__2024-09-09T18:00:00+00:00 [queued]>
[2024-09-09T20:27:45.253+0000] {taskinstance.py:1361} INFO - Starting attempt 1 of 1
[2024-09-09T20:27:45.270+0000] {taskinstance.py:1382} INFO - Executing <Task(BashOperator): run_fetch_raw_amazon_PurchasingOrdersDetail> on 2024-09-09 18:00:00+00:00
[2024-09-09T20:27:45.289+0000] {standard_task_runner.py:57} INFO - Started process 320 to run task
[2024-09-09T20:27:45.293+0000] {standard_task_runner.py:84} INFO - Running: ['***', 'tasks', 'run', 'run_daily_order_update_dag', 'run_fetch_raw_amazon_PurchasingOrdersDetail', 'scheduled__2024-09-09T18:00:00+00:00', '--job-id', '253', '--raw', '--subdir', 'DAGS_FOLDER/run_daily_order_update.py', '--cfg-path', '/tmp/tmpt_lzpgad']
[2024-09-09T20:27:45.298+0000] {standard_task_runner.py:85} INFO - Job 253: Subtask run_fetch_raw_amazon_PurchasingOrdersDetail
[2024-09-09T20:27:45.374+0000] {task_command.py:415} INFO - Running <TaskInstance: run_daily_order_update_dag.run_fetch_raw_amazon_PurchasingOrdersDetail scheduled__2024-09-09T18:00:00+00:00 [running]> on host 2c451b520589
[2024-09-09T20:27:45.452+0000] {taskinstance.py:1660} INFO - Exporting env vars: AIRFLOW_CTX_DAG_OWNER='***' AIRFLOW_CTX_DAG_ID='run_daily_order_update_dag' AIRFLOW_CTX_TASK_ID='run_fetch_raw_amazon_PurchasingOrdersDetail' AIRFLOW_CTX_EXECUTION_DATE='2024-09-09T18:00:00+00:00' AIRFLOW_CTX_TRY_NUMBER='1' AIRFLOW_CTX_DAG_RUN_ID='scheduled__2024-09-09T18:00:00+00:00'
[2024-09-09T20:27:45.453+0000] {subprocess.py:63} INFO - Tmp dir root location: /tmp
[2024-09-09T20:27:45.456+0000] {subprocess.py:75} INFO - Running command: ['/bin/bash', '-c', 'docker exec python-scripts-container python3 /opt/python_scripts/run_fetch_raw_amazon_PurchasingOrdersDetail.py']
[2024-09-09T20:27:45.466+0000] {subprocess.py:86} INFO - Output:
[2024-09-09T20:27:50.683+0000] {subprocess.py:93} INFO - 1248
[2024-09-09T20:27:50.687+0000] {subprocess.py:93} INFO - Table 'raw_amazon.VneAmzPurchasingOrdersDetail' has been created/replaced successfully.
[2024-09-09T20:27:50.800+0000] {subprocess.py:97} INFO - Command exited with return code 0
[2024-09-09T20:27:50.826+0000] {taskinstance.py:1400} INFO - Marking task as SUCCESS. dag_id=run_daily_order_update_dag, task_id=run_fetch_raw_amazon_PurchasingOrdersDetail, execution_date=20240909T180000, start_date=20240909T202745, end_date=20240909T202750
[2024-09-09T20:27:50.877+0000] {local_task_job_runner.py:228} INFO - Task exited with return code 0
[2024-09-09T20:27:50.909+0000] {taskinstance.py:2784} INFO - 0 downstream tasks scheduled from follow-on schedule check
[2024-09-09T20:31:03.611+0000] {taskinstance.py:1159} INFO - Dependencies all met for dep_context=non-requeueable deps ti=<TaskInstance: run_daily_order_update_dag.run_fetch_raw_amazon_PurchasingOrdersDetail scheduled__2024-09-09T18:00:00+00:00 [queued]>
[2024-09-09T20:31:03.617+0000] {taskinstance.py:1159} INFO - Dependencies all met for dep_context=requeueable deps ti=<TaskInstance: run_daily_order_update_dag.run_fetch_raw_amazon_PurchasingOrdersDetail scheduled__2024-09-09T18:00:00+00:00 [queued]>
[2024-09-09T20:31:03.617+0000] {taskinstance.py:1361} INFO - Starting attempt 1 of 1
[2024-09-09T20:31:03.626+0000] {taskinstance.py:1382} INFO - Executing <Task(BashOperator): run_fetch_raw_amazon_PurchasingOrdersDetail> on 2024-09-09 18:00:00+00:00
[2024-09-09T20:31:03.634+0000] {standard_task_runner.py:57} INFO - Started process 396 to run task
[2024-09-09T20:31:03.638+0000] {standard_task_runner.py:84} INFO - Running: ['***', 'tasks', 'run', 'run_daily_order_update_dag', 'run_fetch_raw_amazon_PurchasingOrdersDetail', 'scheduled__2024-09-09T18:00:00+00:00', '--job-id', '258', '--raw', '--subdir', 'DAGS_FOLDER/run_daily_order_update.py', '--cfg-path', '/tmp/tmpeeja4edb']
[2024-09-09T20:31:03.645+0000] {standard_task_runner.py:85} INFO - Job 258: Subtask run_fetch_raw_amazon_PurchasingOrdersDetail
[2024-09-09T20:31:03.702+0000] {task_command.py:415} INFO - Running <TaskInstance: run_daily_order_update_dag.run_fetch_raw_amazon_PurchasingOrdersDetail scheduled__2024-09-09T18:00:00+00:00 [running]> on host 2c451b520589
[2024-09-09T20:31:03.749+0000] {taskinstance.py:1660} INFO - Exporting env vars: AIRFLOW_CTX_DAG_OWNER='***' AIRFLOW_CTX_DAG_ID='run_daily_order_update_dag' AIRFLOW_CTX_TASK_ID='run_fetch_raw_amazon_PurchasingOrdersDetail' AIRFLOW_CTX_EXECUTION_DATE='2024-09-09T18:00:00+00:00' AIRFLOW_CTX_TRY_NUMBER='1' AIRFLOW_CTX_DAG_RUN_ID='scheduled__2024-09-09T18:00:00+00:00'
[2024-09-09T20:31:03.751+0000] {subprocess.py:63} INFO - Tmp dir root location: /tmp
[2024-09-09T20:31:03.754+0000] {subprocess.py:75} INFO - Running command: ['/bin/bash', '-c', 'docker exec python-scripts-container python3 /opt/python_scripts/run_fetch_raw_amazon_PurchasingOrdersDetail.py']
[2024-09-09T20:31:03.770+0000] {subprocess.py:86} INFO - Output:
[2024-09-09T20:31:07.623+0000] {subprocess.py:93} INFO - 1248
[2024-09-09T20:31:07.628+0000] {subprocess.py:93} INFO - Table 'raw_amazon.VneAmzPurchasingOrdersDetail' has been created/replaced successfully.
[2024-09-09T20:31:07.736+0000] {subprocess.py:97} INFO - Command exited with return code 0
[2024-09-09T20:31:07.791+0000] {taskinstance.py:1400} INFO - Marking task as SUCCESS. dag_id=run_daily_order_update_dag, task_id=run_fetch_raw_amazon_PurchasingOrdersDetail, execution_date=20240909T180000, start_date=20240909T203103, end_date=20240909T203107
[2024-09-09T20:31:07.808+0000] {local_task_job_runner.py:228} INFO - Task exited with return code 0
[2024-09-09T20:31:07.829+0000] {taskinstance.py:2784} INFO - 0 downstream tasks scheduled from follow-on schedule check
