[2024-09-10T06:32:33.642+0000] {taskinstance.py:1159} INFO - Dependencies all met for dep_context=non-requeueable deps ti=<TaskInstance: run_daily_order_update_dag.dbt_run scheduled__2024-09-10T04:00:00+00:00 [queued]>
[2024-09-10T06:32:33.646+0000] {taskinstance.py:1159} INFO - Dependencies all met for dep_context=requeueable deps ti=<TaskInstance: run_daily_order_update_dag.dbt_run scheduled__2024-09-10T04:00:00+00:00 [queued]>
[2024-09-10T06:32:33.646+0000] {taskinstance.py:1361} INFO - Starting attempt 1 of 1
[2024-09-10T06:32:33.651+0000] {taskinstance.py:1382} INFO - Executing <Task(BashOperator): dbt_run> on 2024-09-10 04:00:00+00:00
[2024-09-10T06:32:33.654+0000] {standard_task_runner.py:57} INFO - Started process 234 to run task
[2024-09-10T06:32:33.656+0000] {standard_task_runner.py:84} INFO - Running: ['***', 'tasks', 'run', 'run_daily_order_update_dag', 'dbt_run', 'scheduled__2024-09-10T04:00:00+00:00', '--job-id', '309', '--raw', '--subdir', 'DAGS_FOLDER/run_daily_order_update.py', '--cfg-path', '/tmp/tmpz3vdtxhz']
[2024-09-10T06:32:33.657+0000] {standard_task_runner.py:85} INFO - Job 309: Subtask dbt_run
[2024-09-10T06:32:33.680+0000] {task_command.py:415} INFO - Running <TaskInstance: run_daily_order_update_dag.dbt_run scheduled__2024-09-10T04:00:00+00:00 [running]> on host 2c451b520589
[2024-09-10T06:32:33.716+0000] {taskinstance.py:1660} INFO - Exporting env vars: AIRFLOW_CTX_DAG_OWNER='***' AIRFLOW_CTX_DAG_ID='run_daily_order_update_dag' AIRFLOW_CTX_TASK_ID='dbt_run' AIRFLOW_CTX_EXECUTION_DATE='2024-09-10T04:00:00+00:00' AIRFLOW_CTX_TRY_NUMBER='1' AIRFLOW_CTX_DAG_RUN_ID='scheduled__2024-09-10T04:00:00+00:00'
[2024-09-10T06:32:33.717+0000] {subprocess.py:63} INFO - Tmp dir root location: /tmp
[2024-09-10T06:32:33.717+0000] {subprocess.py:75} INFO - Running command: ['/bin/bash', '-c', 'docker exec dbt_container dbt run --project-dir /opt/dbt_vne/dbt_vne/']
[2024-09-10T06:32:33.722+0000] {subprocess.py:86} INFO - Output:
[2024-09-10T06:32:34.766+0000] {subprocess.py:93} INFO - [0m06:32:34  Running with dbt=1.8.6
[2024-09-10T06:32:34.908+0000] {subprocess.py:93} INFO - [0m06:32:34  Registered adapter: postgres=1.8.2
[2024-09-10T06:32:35.005+0000] {subprocess.py:93} INFO - [0m06:32:35  [[33mWARNING[0m]: Configuration paths exist in your dbt_project.yml file which do not apply to any resources.
[2024-09-10T06:32:35.006+0000] {subprocess.py:93} INFO - There are 1 unused configuration paths:
[2024-09-10T06:32:35.006+0000] {subprocess.py:93} INFO - - models.dbt_vne.04_dims
[2024-09-10T06:32:35.085+0000] {subprocess.py:93} INFO - [0m06:32:35  Found 22 models, 6 sources, 417 macros
[2024-09-10T06:32:35.086+0000] {subprocess.py:93} INFO - [0m06:32:35
[2024-09-10T06:32:35.923+0000] {subprocess.py:93} INFO - [0m06:32:35  Concurrency: 4 threads (target='dev')
[2024-09-10T06:32:35.925+0000] {subprocess.py:93} INFO - [0m06:32:35
[2024-09-10T06:32:36.037+0000] {subprocess.py:93} INFO - [0m06:32:36  1 of 6 START sql table model dev_steve.fct_Amz_Removal_Report .................. [RUN]
[2024-09-10T06:32:36.044+0000] {subprocess.py:93} INFO - [0m06:32:36  2 of 6 START sql table model dev_steve.fct_Amz_ReturnsReport ................... [RUN]
[2024-09-10T06:32:36.104+0000] {subprocess.py:93} INFO - [0m06:32:36  3 of 6 START sql incremental model dev_steve.fct_Amz_Order_Items ............... [RUN]
[2024-09-10T06:32:36.142+0000] {subprocess.py:93} INFO - [0m06:32:36  4 of 6 START sql table model dev_steve.fct_VneAmzPurchasingOrdersDetail ........ [RUN]
[2024-09-10T06:32:36.587+0000] {subprocess.py:93} INFO - [0m06:32:36  4 of 6 OK created sql table model dev_steve.fct_VneAmzPurchasingOrdersDetail ... [[32mSELECT 1248[0m in 0.44s]
[2024-09-10T06:32:36.605+0000] {subprocess.py:93} INFO - [0m06:32:36  2 of 6 OK created sql table model dev_steve.fct_Amz_ReturnsReport .............. [[32mSELECT 48[0m in 0.55s]
[2024-09-10T06:32:36.607+0000] {subprocess.py:93} INFO - [0m06:32:36  1 of 6 OK created sql table model dev_steve.fct_Amz_Removal_Report ............. [[32mSELECT 48[0m in 0.56s]
[2024-09-10T06:32:36.655+0000] {subprocess.py:93} INFO - [0m06:32:36  3 of 6 OK created sql incremental model dev_steve.fct_Amz_Order_Items .......... [[32mINSERT 0 33[0m in 0.53s]
[2024-09-10T06:32:36.657+0000] {subprocess.py:93} INFO - [0m06:32:36  5 of 6 START sql table model dev_steve.ana_sales_detail_last_60_days ........... [RUN]
[2024-09-10T06:32:36.668+0000] {subprocess.py:93} INFO - [0m06:32:36  6 of 6 START sql table model dev_steve.ana_stock ............................... [RUN]
[2024-09-10T06:32:37.057+0000] {subprocess.py:93} INFO - [0m06:32:37  5 of 6 OK created sql table model dev_steve.ana_sales_detail_last_60_days ...... [[32mSELECT 1370[0m in 0.40s]
[2024-09-10T06:32:37.059+0000] {subprocess.py:93} INFO - [0m06:32:37  6 of 6 OK created sql table model dev_steve.ana_stock .......................... [[32mSELECT 258[0m in 0.39s]
[2024-09-10T06:32:37.271+0000] {subprocess.py:93} INFO - [0m06:32:37
[2024-09-10T06:32:37.271+0000] {subprocess.py:93} INFO - [0m06:32:37  Finished running 5 table models, 1 incremental model in 0 hours 0 minutes and 2.19 seconds (2.19s).
[2024-09-10T06:32:37.319+0000] {subprocess.py:93} INFO - [0m06:32:37
[2024-09-10T06:32:37.320+0000] {subprocess.py:93} INFO - [0m06:32:37  [32mCompleted successfully[0m
[2024-09-10T06:32:37.320+0000] {subprocess.py:93} INFO - [0m06:32:37
[2024-09-10T06:32:37.321+0000] {subprocess.py:93} INFO - [0m06:32:37  Done. PASS=6 WARN=0 ERROR=0 SKIP=0 TOTAL=6
[2024-09-10T06:32:38.136+0000] {subprocess.py:97} INFO - Command exited with return code 0
[2024-09-10T06:32:38.171+0000] {taskinstance.py:1400} INFO - Marking task as SUCCESS. dag_id=run_daily_order_update_dag, task_id=dbt_run, execution_date=20240910T040000, start_date=20240910T063233, end_date=20240910T063238
[2024-09-10T06:32:38.192+0000] {local_task_job_runner.py:228} INFO - Task exited with return code 0
[2024-09-10T06:32:38.220+0000] {taskinstance.py:2784} INFO - 1 downstream tasks scheduled from follow-on schedule check
