[2024-09-11T08:48:27.233+0000] {taskinstance.py:1159} INFO - Dependencies all met for dep_context=non-requeueable deps ti=<TaskInstance: run_daily_order_update_dag.run_daily_order_update_task scheduled__2024-09-11T06:00:00+00:00 [queued]>
[2024-09-11T08:48:27.243+0000] {taskinstance.py:1159} INFO - Dependencies all met for dep_context=requeueable deps ti=<TaskInstance: run_daily_order_update_dag.run_daily_order_update_task scheduled__2024-09-11T06:00:00+00:00 [queued]>
[2024-09-11T08:48:27.243+0000] {taskinstance.py:1361} INFO - Starting attempt 1 of 1
[2024-09-11T08:48:27.254+0000] {taskinstance.py:1382} INFO - Executing <Task(BashOperator): run_daily_order_update_task> on 2024-09-11 06:00:00+00:00
[2024-09-11T08:48:27.263+0000] {standard_task_runner.py:57} INFO - Started process 182 to run task
[2024-09-11T08:48:27.278+0000] {standard_task_runner.py:84} INFO - Running: ['***', 'tasks', 'run', 'run_daily_order_update_dag', 'run_daily_order_update_task', 'scheduled__2024-09-11T06:00:00+00:00', '--job-id', '332', '--raw', '--subdir', 'DAGS_FOLDER/run_daily_order_update.py', '--cfg-path', '/tmp/tmpw0tnymqe']
[2024-09-11T08:48:27.283+0000] {standard_task_runner.py:85} INFO - Job 332: Subtask run_daily_order_update_task
[2024-09-11T08:48:27.349+0000] {task_command.py:415} INFO - Running <TaskInstance: run_daily_order_update_dag.run_daily_order_update_task scheduled__2024-09-11T06:00:00+00:00 [running]> on host 2c451b520589
[2024-09-11T08:48:27.452+0000] {taskinstance.py:1660} INFO - Exporting env vars: AIRFLOW_CTX_DAG_OWNER='***' AIRFLOW_CTX_DAG_ID='run_daily_order_update_dag' AIRFLOW_CTX_TASK_ID='run_daily_order_update_task' AIRFLOW_CTX_EXECUTION_DATE='2024-09-11T06:00:00+00:00' AIRFLOW_CTX_TRY_NUMBER='1' AIRFLOW_CTX_DAG_RUN_ID='scheduled__2024-09-11T06:00:00+00:00'
[2024-09-11T08:48:27.458+0000] {subprocess.py:63} INFO - Tmp dir root location: /tmp
[2024-09-11T08:48:27.460+0000] {subprocess.py:75} INFO - Running command: ['/bin/bash', '-c', 'docker exec python-scripts-container python3 /opt/python_scripts/run_fetch_raw_amazon_Orders.py']
[2024-09-11T08:48:27.474+0000] {subprocess.py:86} INFO - Output:
[2024-09-11T08:49:14.438+0000] {subprocess.py:93} INFO - fetching data from 2024-09-10 11:19:51 and 2024-09-11 08:18:28
[2024-09-11T08:49:14.444+0000] {subprocess.py:93} INFO - next_token: None
[2024-09-11T08:49:14.445+0000] {subprocess.py:93} INFO - chunk finished
[2024-09-11T08:49:14.445+0000] {subprocess.py:93} INFO - Status Code: 200
[2024-09-11T08:49:14.446+0000] {subprocess.py:93} INFO - 1 chunk fetched succesfully!
[2024-09-11T08:49:14.446+0000] {subprocess.py:93} INFO - sleeping for 5 seconds to avoid exceed rate limit
[2024-09-11T08:49:14.446+0000] {subprocess.py:93} INFO - fetched order_items of 1 orders
[2024-09-11T08:49:14.446+0000] {subprocess.py:93} INFO - fetched order_items of 2 orders
[2024-09-11T08:49:14.446+0000] {subprocess.py:93} INFO - fetched order_items of 3 orders
[2024-09-11T08:49:14.446+0000] {subprocess.py:93} INFO - fetched order_items of 4 orders
[2024-09-11T08:49:14.447+0000] {subprocess.py:93} INFO - fetched order_items of 5 orders
[2024-09-11T08:49:14.447+0000] {subprocess.py:93} INFO - fetched order_items of 6 orders
[2024-09-11T08:49:14.447+0000] {subprocess.py:93} INFO - fetched order_items of 7 orders
[2024-09-11T08:49:14.447+0000] {subprocess.py:93} INFO - fetched order_items of 8 orders
[2024-09-11T08:49:14.447+0000] {subprocess.py:93} INFO - fetched order_items of 9 orders
[2024-09-11T08:49:14.447+0000] {subprocess.py:93} INFO - fetched order_items of 10 orders
[2024-09-11T08:49:14.448+0000] {subprocess.py:93} INFO - fetched order_items of 11 orders
[2024-09-11T08:49:14.448+0000] {subprocess.py:93} INFO - fetched order_items of 12 orders
[2024-09-11T08:49:14.448+0000] {subprocess.py:93} INFO - fetched order_items of 13 orders
[2024-09-11T08:49:14.448+0000] {subprocess.py:93} INFO - fetched order_items of 14 orders
[2024-09-11T08:49:14.448+0000] {subprocess.py:93} INFO - fetched order_items of 15 orders
[2024-09-11T08:49:14.448+0000] {subprocess.py:93} INFO - fetched order_items of 16 orders
[2024-09-11T08:49:14.449+0000] {subprocess.py:93} INFO - fetched order_items of 17 orders
[2024-09-11T08:49:14.449+0000] {subprocess.py:93} INFO - fetched order_items of 18 orders
[2024-09-11T08:49:14.449+0000] {subprocess.py:93} INFO - fetched order_items of 19 orders
[2024-09-11T08:49:14.450+0000] {subprocess.py:93} INFO - fetched order_items of 20 orders
[2024-09-11T08:49:14.450+0000] {subprocess.py:93} INFO - fetched order_items of 21 orders
[2024-09-11T08:49:14.450+0000] {subprocess.py:93} INFO - fetched order_items of 22 orders
[2024-09-11T08:49:14.451+0000] {subprocess.py:93} INFO - fetched order_items of 23 orders
[2024-09-11T08:49:14.451+0000] {subprocess.py:93} INFO - fetched order_items of 24 orders
[2024-09-11T08:49:14.451+0000] {subprocess.py:93} INFO - fetched order_items of 25 orders
[2024-09-11T08:49:14.451+0000] {subprocess.py:93} INFO - fetched order_items of 26 orders
[2024-09-11T08:49:14.452+0000] {subprocess.py:93} INFO - fetched order_items of 27 orders
[2024-09-11T08:49:14.452+0000] {subprocess.py:93} INFO - fetched order_items of 28 orders
[2024-09-11T08:49:14.452+0000] {subprocess.py:93} INFO - fetched order_items of 29 orders
[2024-09-11T08:49:14.452+0000] {subprocess.py:93} INFO - fetched order_items of 30 orders
[2024-09-11T08:49:14.453+0000] {subprocess.py:93} INFO - fetched order_items of 31 orders
[2024-09-11T08:49:14.453+0000] {subprocess.py:93} INFO - fetched order_items of 32 orders
[2024-09-11T08:49:14.453+0000] {subprocess.py:93} INFO - fetched order_items of 33 orders
[2024-09-11T08:49:14.453+0000] {subprocess.py:93} INFO - fetched order_items of 34 orders
[2024-09-11T08:49:14.454+0000] {subprocess.py:93} INFO - fetched order_items of 35 orders
[2024-09-11T08:49:14.454+0000] {subprocess.py:93} INFO - fetched order_items of 36 orders
[2024-09-11T08:49:14.454+0000] {subprocess.py:93} INFO - fetched order_items of 37 orders
[2024-09-11T08:49:14.454+0000] {subprocess.py:93} INFO - Finished!!!
[2024-09-11T08:49:14.455+0000] {subprocess.py:93} INFO - there are totally 37 orders fetched
[2024-09-11T08:49:14.455+0000] {subprocess.py:93} INFO - start exporting orders
[2024-09-11T08:49:14.455+0000] {subprocess.py:93} INFO - Inserted/updated 37 records into the table "vne_dtw"."raw_amazon"."Orders"
[2024-09-11T08:49:14.456+0000] {subprocess.py:93} INFO - start exporting order_items
[2024-09-11T08:49:14.456+0000] {subprocess.py:93} INFO - Inserted/updated 44 records into the table "vne_dtw"."raw_amazon"."OrderItems"
[2024-09-11T08:49:14.514+0000] {subprocess.py:97} INFO - Command exited with return code 0
[2024-09-11T08:49:14.606+0000] {taskinstance.py:1400} INFO - Marking task as SUCCESS. dag_id=run_daily_order_update_dag, task_id=run_daily_order_update_task, execution_date=20240911T060000, start_date=20240911T084827, end_date=20240911T084914
[2024-09-11T08:49:14.645+0000] {local_task_job_runner.py:228} INFO - Task exited with return code 0
[2024-09-11T08:49:14.667+0000] {taskinstance.py:2784} INFO - 0 downstream tasks scheduled from follow-on schedule check
