[2024-09-10T10:00:32.904+0000] {taskinstance.py:1159} INFO - Dependencies all met for dep_context=non-requeueable deps ti=<TaskInstance: run_daily_order_update_dag.dbt_run scheduled__2024-09-10T08:00:00+00:00 [queued]>
[2024-09-10T10:00:32.911+0000] {taskinstance.py:1159} INFO - Dependencies all met for dep_context=requeueable deps ti=<TaskInstance: run_daily_order_update_dag.dbt_run scheduled__2024-09-10T08:00:00+00:00 [queued]>
[2024-09-10T10:00:32.911+0000] {taskinstance.py:1361} INFO - Starting attempt 1 of 1
[2024-09-10T10:00:32.917+0000] {taskinstance.py:1382} INFO - Executing <Task(BashOperator): dbt_run> on 2024-09-10 08:00:00+00:00
[2024-09-10T10:00:32.921+0000] {standard_task_runner.py:57} INFO - Started process 2057 to run task
[2024-09-10T10:00:32.928+0000] {standard_task_runner.py:84} INFO - Running: ['***', 'tasks', 'run', 'run_daily_order_update_dag', 'dbt_run', 'scheduled__2024-09-10T08:00:00+00:00', '--job-id', '321', '--raw', '--subdir', 'DAGS_FOLDER/run_daily_order_update.py', '--cfg-path', '/tmp/tmpf0vitt8s']
[2024-09-10T10:00:32.937+0000] {standard_task_runner.py:85} INFO - Job 321: Subtask dbt_run
[2024-09-10T10:00:32.984+0000] {task_command.py:415} INFO - Running <TaskInstance: run_daily_order_update_dag.dbt_run scheduled__2024-09-10T08:00:00+00:00 [running]> on host 5c121da44a2d
[2024-09-10T10:00:33.035+0000] {taskinstance.py:1660} INFO - Exporting env vars: AIRFLOW_CTX_DAG_OWNER='***' AIRFLOW_CTX_DAG_ID='run_daily_order_update_dag' AIRFLOW_CTX_TASK_ID='dbt_run' AIRFLOW_CTX_EXECUTION_DATE='2024-09-10T08:00:00+00:00' AIRFLOW_CTX_TRY_NUMBER='1' AIRFLOW_CTX_DAG_RUN_ID='scheduled__2024-09-10T08:00:00+00:00'
[2024-09-10T10:00:33.036+0000] {subprocess.py:63} INFO - Tmp dir root location: /tmp
[2024-09-10T10:00:33.037+0000] {subprocess.py:75} INFO - Running command: ['/bin/bash', '-c', 'docker exec dbt_container dbt run --project-dir /opt/dbt_vne/dbt_vne/']
[2024-09-10T10:00:33.044+0000] {subprocess.py:86} INFO - Output:
[2024-09-10T10:00:34.203+0000] {subprocess.py:93} INFO - [0m10:00:34  Running with dbt=1.8.6
[2024-09-10T10:00:34.339+0000] {subprocess.py:93} INFO - [0m10:00:34  Registered adapter: postgres=1.8.2
[2024-09-10T10:00:34.425+0000] {subprocess.py:93} INFO - [0m10:00:34  [[33mWARNING[0m]: Configuration paths exist in your dbt_project.yml file which do not apply to any resources.
[2024-09-10T10:00:34.425+0000] {subprocess.py:93} INFO - There are 1 unused configuration paths:
[2024-09-10T10:00:34.425+0000] {subprocess.py:93} INFO - - models.dbt_vne.04_dims
[2024-09-10T10:00:34.524+0000] {subprocess.py:93} INFO - [0m10:00:34  Found 22 models, 6 sources, 417 macros
[2024-09-10T10:00:34.526+0000] {subprocess.py:93} INFO - [0m10:00:34
[2024-09-10T10:00:35.404+0000] {subprocess.py:93} INFO - [0m10:00:35  Concurrency: 4 threads (target='dev')
[2024-09-10T10:00:35.405+0000] {subprocess.py:93} INFO - [0m10:00:35
[2024-09-10T10:00:35.532+0000] {subprocess.py:93} INFO - [0m10:00:35  1 of 6 START sql table model dev_steve.fct_Amz_Removal_Report .................. [RUN]
[2024-09-10T10:00:35.532+0000] {subprocess.py:93} INFO - [0m10:00:35  2 of 6 START sql table model dev_steve.fct_Amz_ReturnsReport ................... [RUN]
[2024-09-10T10:00:35.635+0000] {subprocess.py:93} INFO - [0m10:00:35  3 of 6 START sql incremental model dev_steve.fct_Amz_Order_Items ............... [RUN]
[2024-09-10T10:00:35.636+0000] {subprocess.py:93} INFO - [0m10:00:35  4 of 6 START sql table model dev_steve.fct_VneAmzPurchasingOrdersDetail ........ [RUN]
[2024-09-10T10:00:36.027+0000] {subprocess.py:93} INFO - [0m10:00:36  2 of 6 OK created sql table model dev_steve.fct_Amz_ReturnsReport .............. [[32mSELECT 48[0m in 0.49s]
[2024-09-10T10:00:36.073+0000] {subprocess.py:93} INFO - [0m10:00:36  1 of 6 OK created sql table model dev_steve.fct_Amz_Removal_Report ............. [[32mSELECT 48[0m in 0.54s]
[2024-09-10T10:00:36.081+0000] {subprocess.py:93} INFO - [0m10:00:36  4 of 6 OK created sql table model dev_steve.fct_VneAmzPurchasingOrdersDetail ... [[32mSELECT 1248[0m in 0.44s]
[2024-09-10T10:00:36.192+0000] {subprocess.py:93} INFO - [0m10:00:36  3 of 6 OK created sql incremental model dev_steve.fct_Amz_Order_Items .......... [[32mINSERT 0 6[0m in 0.55s]
[2024-09-10T10:00:36.199+0000] {subprocess.py:93} INFO - [0m10:00:36  5 of 6 START sql table model dev_steve.ana_sales_detail_last_60_days ........... [RUN]
[2024-09-10T10:00:36.221+0000] {subprocess.py:93} INFO - [0m10:00:36  6 of 6 START sql table model dev_steve.ana_stock ............................... [RUN]
[2024-09-10T10:00:36.680+0000] {subprocess.py:93} INFO - [0m10:00:36  6 of 6 OK created sql table model dev_steve.ana_stock .......................... [[32mSELECT 258[0m in 0.45s]
[2024-09-10T10:00:36.686+0000] {subprocess.py:93} INFO - [0m10:00:36  5 of 6 OK created sql table model dev_steve.ana_sales_detail_last_60_days ...... [[32mSELECT 1385[0m in 0.48s]
[2024-09-10T10:00:36.961+0000] {subprocess.py:93} INFO - [0m10:00:36
[2024-09-10T10:00:36.964+0000] {subprocess.py:93} INFO - [0m10:00:36  Finished running 5 table models, 1 incremental model in 0 hours 0 minutes and 2.43 seconds (2.43s).
[2024-09-10T10:00:37.034+0000] {subprocess.py:93} INFO - [0m10:00:37
[2024-09-10T10:00:37.034+0000] {subprocess.py:93} INFO - [0m10:00:37  [32mCompleted successfully[0m
[2024-09-10T10:00:37.034+0000] {subprocess.py:93} INFO - [0m10:00:37
[2024-09-10T10:00:37.034+0000] {subprocess.py:93} INFO - [0m10:00:37  Done. PASS=6 WARN=0 ERROR=0 SKIP=0 TOTAL=6
[2024-09-10T10:00:38.027+0000] {subprocess.py:97} INFO - Command exited with return code 0
[2024-09-10T10:00:38.066+0000] {taskinstance.py:1400} INFO - Marking task as SUCCESS. dag_id=run_daily_order_update_dag, task_id=dbt_run, execution_date=20240910T080000, start_date=20240910T100032, end_date=20240910T100038
[2024-09-10T10:00:38.104+0000] {local_task_job_runner.py:228} INFO - Task exited with return code 0
[2024-09-10T10:00:38.131+0000] {taskinstance.py:2784} INFO - 1 downstream tasks scheduled from follow-on schedule check
