[2024-09-05T07:11:31.367+0000] {taskinstance.py:1159} INFO - Dependencies all met for dep_context=non-requeueable deps ti=<TaskInstance: run_daily_order_update_dag.run_daily_order_update_task manual__2024-09-05T07:09:50.794070+00:00 [queued]>
[2024-09-05T07:11:31.371+0000] {taskinstance.py:1159} INFO - Dependencies all met for dep_context=requeueable deps ti=<TaskInstance: run_daily_order_update_dag.run_daily_order_update_task manual__2024-09-05T07:09:50.794070+00:00 [queued]>
[2024-09-05T07:11:31.371+0000] {taskinstance.py:1361} INFO - Starting attempt 1 of 1
[2024-09-05T07:11:31.376+0000] {taskinstance.py:1382} INFO - Executing <Task(BashOperator): run_daily_order_update_task> on 2024-09-05 07:09:50.794070+00:00
[2024-09-05T07:11:31.381+0000] {standard_task_runner.py:57} INFO - Started process 201 to run task
[2024-09-05T07:11:31.384+0000] {standard_task_runner.py:84} INFO - Running: ['***', 'tasks', 'run', 'run_daily_order_update_dag', 'run_daily_order_update_task', 'manual__2024-09-05T07:09:50.794070+00:00', '--job-id', '173', '--raw', '--subdir', 'DAGS_FOLDER/run_daily_order_update.py', '--cfg-path', '/tmp/tmpf4rkvyfc']
[2024-09-05T07:11:31.386+0000] {standard_task_runner.py:85} INFO - Job 173: Subtask run_daily_order_update_task
[2024-09-05T07:11:31.414+0000] {task_command.py:415} INFO - Running <TaskInstance: run_daily_order_update_dag.run_daily_order_update_task manual__2024-09-05T07:09:50.794070+00:00 [running]> on host 5cc65a7c9662
[2024-09-05T07:11:31.469+0000] {taskinstance.py:1660} INFO - Exporting env vars: AIRFLOW_CTX_DAG_OWNER='***' AIRFLOW_CTX_DAG_ID='run_daily_order_update_dag' AIRFLOW_CTX_TASK_ID='run_daily_order_update_task' AIRFLOW_CTX_EXECUTION_DATE='2024-09-05T07:09:50.794070+00:00' AIRFLOW_CTX_TRY_NUMBER='1' AIRFLOW_CTX_DAG_RUN_ID='manual__2024-09-05T07:09:50.794070+00:00'
[2024-09-05T07:11:31.470+0000] {subprocess.py:63} INFO - Tmp dir root location: /tmp
[2024-09-05T07:11:31.471+0000] {subprocess.py:75} INFO - Running command: ['/bin/bash', '-c', 'docker exec python-scripts-container python3 /opt/python_scripts/run_daily_orders_update.py']
[2024-09-05T07:11:31.479+0000] {subprocess.py:86} INFO - Output:
[2024-09-05T07:12:00.580+0000] {subprocess.py:93} INFO - fetching data from 2024-09-04 20:39:12 and 2024-09-05 06:41:32
[2024-09-05T07:12:00.585+0000] {subprocess.py:93} INFO - {'BuyerInfo': {}, 'AmazonOrderId': '113-3937755-4641035', 'EarliestShipDate': '1970-01-01T00:00:00Z', 'SalesChannel': 'Amazon.com', 'OrderStatus': 'Canceled', 'NumberOfItemsShipped': 0, 'OrderType': 'StandardOrder', 'IsPremiumOrder': False, 'IsPrime': False, 'FulfillmentChannel': 'AFN', 'NumberOfItemsUnshipped': 0, 'HasRegulatedItems': False, 'IsReplacementOrder': 'false', 'IsSoldByAB': False, 'LatestShipDate': '1970-01-01T00:00:00Z', 'ShipServiceLevel': 'Expedited', 'IsISPU': False, 'MarketplaceId': 'ATVPDKIKX0DER', 'PurchaseDate': '2024-09-04T20:54:39Z', 'IsAccessPointOrder': False, 'SellerOrderId': '113-3937755-4641035', 'PaymentMethod': 'Other', 'IsBusinessOrder': False, 'PaymentMethodDetails': ['Standard'], 'IsGlobalExpressEnabled': False, 'LastUpdateDate': '2024-09-04T21:03:41Z', 'ShipmentServiceLevelCategory': 'Expedited'}
[2024-09-05T07:12:00.586+0000] {subprocess.py:93} INFO - next_token: None
[2024-09-05T07:12:00.586+0000] {subprocess.py:93} INFO - chunk finished
[2024-09-05T07:12:00.586+0000] {subprocess.py:93} INFO - Status Code: 200
[2024-09-05T07:12:00.586+0000] {subprocess.py:93} INFO - 1 chunk fetched succesfully!
[2024-09-05T07:12:00.586+0000] {subprocess.py:93} INFO - sleeping for 5 seconds to avoid exceed rate limit
[2024-09-05T07:12:00.587+0000] {subprocess.py:93} INFO - fetched order_items of 1 orders
[2024-09-05T07:12:00.590+0000] {subprocess.py:93} INFO - fetched order_items of 2 orders
[2024-09-05T07:12:00.590+0000] {subprocess.py:93} INFO - fetched order_items of 3 orders
[2024-09-05T07:12:00.590+0000] {subprocess.py:93} INFO - fetched order_items of 4 orders
[2024-09-05T07:12:00.591+0000] {subprocess.py:93} INFO - fetched order_items of 5 orders
[2024-09-05T07:12:00.591+0000] {subprocess.py:93} INFO - fetched order_items of 6 orders
[2024-09-05T07:12:00.591+0000] {subprocess.py:93} INFO - fetched order_items of 7 orders
[2024-09-05T07:12:00.592+0000] {subprocess.py:93} INFO - fetched order_items of 8 orders
[2024-09-05T07:12:00.592+0000] {subprocess.py:93} INFO - fetched order_items of 9 orders
[2024-09-05T07:12:00.592+0000] {subprocess.py:93} INFO - fetched order_items of 10 orders
[2024-09-05T07:12:00.592+0000] {subprocess.py:93} INFO - fetched order_items of 11 orders
[2024-09-05T07:12:00.592+0000] {subprocess.py:93} INFO - fetched order_items of 12 orders
[2024-09-05T07:12:00.592+0000] {subprocess.py:93} INFO - fetched order_items of 13 orders
[2024-09-05T07:12:00.593+0000] {subprocess.py:93} INFO - fetched order_items of 14 orders
[2024-09-05T07:12:00.593+0000] {subprocess.py:93} INFO - fetched order_items of 15 orders
[2024-09-05T07:12:00.593+0000] {subprocess.py:93} INFO - fetched order_items of 16 orders
[2024-09-05T07:12:00.593+0000] {subprocess.py:93} INFO - fetched order_items of 17 orders
[2024-09-05T07:12:00.594+0000] {subprocess.py:93} INFO - fetched order_items of 18 orders
[2024-09-05T07:12:00.594+0000] {subprocess.py:93} INFO - fetched order_items of 19 orders
[2024-09-05T07:12:00.594+0000] {subprocess.py:93} INFO - fetched order_items of 20 orders
[2024-09-05T07:12:00.594+0000] {subprocess.py:93} INFO - fetched order_items of 21 orders
[2024-09-05T07:12:00.595+0000] {subprocess.py:93} INFO - fetched order_items of 22 orders
[2024-09-05T07:12:00.595+0000] {subprocess.py:93} INFO - fetched order_items of 23 orders
[2024-09-05T07:12:00.595+0000] {subprocess.py:93} INFO - fetched order_items of 24 orders
[2024-09-05T07:12:00.595+0000] {subprocess.py:93} INFO - fetched order_items of 25 orders
[2024-09-05T07:12:00.596+0000] {subprocess.py:93} INFO - Finished!!!
[2024-09-05T07:12:00.596+0000] {subprocess.py:93} INFO - there are totally 25 orders fetched
[2024-09-05T07:12:00.596+0000] {subprocess.py:93} INFO - start exporting orders
[2024-09-05T07:12:00.596+0000] {subprocess.py:93} INFO - inserted/updated 25 records into the table "vne_dtw"."raw_amazon"."Orders"
[2024-09-05T07:12:00.597+0000] {subprocess.py:93} INFO - start exporting order_items
[2024-09-05T07:12:00.597+0000] {subprocess.py:93} INFO - inserted/updated 31 records into the table "vne_dtw"."raw_amazon"."OrderItems"
[2024-09-05T07:12:00.638+0000] {subprocess.py:97} INFO - Command exited with return code 0
[2024-09-05T07:12:00.675+0000] {taskinstance.py:1400} INFO - Marking task as SUCCESS. dag_id=run_daily_order_update_dag, task_id=run_daily_order_update_task, execution_date=20240905T070950, start_date=20240905T071131, end_date=20240905T071200
[2024-09-05T07:12:00.730+0000] {local_task_job_runner.py:228} INFO - Task exited with return code 0
[2024-09-05T07:12:00.745+0000] {taskinstance.py:2784} INFO - 0 downstream tasks scheduled from follow-on schedule check
