[2024-09-04T21:31:05.400+0000] {taskinstance.py:1159} INFO - Dependencies all met for dep_context=non-requeueable deps ti=<TaskInstance: run_daily_order_update_dag.run_daily_order_update_task manual__2024-09-04T21:31:04.026711+00:00 [queued]>
[2024-09-04T21:31:05.404+0000] {taskinstance.py:1159} INFO - Dependencies all met for dep_context=requeueable deps ti=<TaskInstance: run_daily_order_update_dag.run_daily_order_update_task manual__2024-09-04T21:31:04.026711+00:00 [queued]>
[2024-09-04T21:31:05.404+0000] {taskinstance.py:1361} INFO - Starting attempt 1 of 1
[2024-09-04T21:31:05.410+0000] {taskinstance.py:1382} INFO - Executing <Task(BashOperator): run_daily_order_update_task> on 2024-09-04 21:31:04.026711+00:00
[2024-09-04T21:31:05.413+0000] {standard_task_runner.py:57} INFO - Started process 206 to run task
[2024-09-04T21:31:05.415+0000] {standard_task_runner.py:84} INFO - Running: ['***', 'tasks', 'run', 'run_daily_order_update_dag', 'run_daily_order_update_task', 'manual__2024-09-04T21:31:04.026711+00:00', '--job-id', '165', '--raw', '--subdir', 'DAGS_FOLDER/run_daily_order_update.py', '--cfg-path', '/tmp/tmpidiifsu1']
[2024-09-04T21:31:05.417+0000] {standard_task_runner.py:85} INFO - Job 165: Subtask run_daily_order_update_task
[2024-09-04T21:31:05.440+0000] {task_command.py:415} INFO - Running <TaskInstance: run_daily_order_update_dag.run_daily_order_update_task manual__2024-09-04T21:31:04.026711+00:00 [running]> on host bb180eb43ad3
[2024-09-04T21:31:05.477+0000] {taskinstance.py:1660} INFO - Exporting env vars: AIRFLOW_CTX_DAG_OWNER='***' AIRFLOW_CTX_DAG_ID='run_daily_order_update_dag' AIRFLOW_CTX_TASK_ID='run_daily_order_update_task' AIRFLOW_CTX_EXECUTION_DATE='2024-09-04T21:31:04.026711+00:00' AIRFLOW_CTX_TRY_NUMBER='1' AIRFLOW_CTX_DAG_RUN_ID='manual__2024-09-04T21:31:04.026711+00:00'
[2024-09-04T21:31:05.478+0000] {subprocess.py:63} INFO - Tmp dir root location: /tmp
[2024-09-04T21:31:05.479+0000] {subprocess.py:75} INFO - Running command: ['/bin/bash', '-c', 'docker exec python-scripts-container python3 /opt/python_scripts/run_daily_orders_update.py']
[2024-09-04T21:31:05.483+0000] {subprocess.py:86} INFO - Output:
[2024-09-04T21:31:45.844+0000] {subprocess.py:93} INFO - fetching data from 2024-09-04 09:22:41 and 2024-09-04 21:01:05
[2024-09-04T21:31:45.852+0000] {subprocess.py:93} INFO - {'BuyerInfo': {'BuyerEmail': 'zc1r0wfngfzfwyp@marketplace.amazon.com'}, 'AmazonOrderId': '112-7056099-5973007', 'EarliestShipDate': '2024-09-01T06:59:59Z', 'SalesChannel': 'Amazon.com', 'OrderStatus': 'Shipped', 'NumberOfItemsShipped': 1, 'OrderType': 'StandardOrder', 'IsPremiumOrder': False, 'IsPrime': False, 'FulfillmentChannel': 'AFN', 'NumberOfItemsUnshipped': 0, 'HasRegulatedItems': False, 'IsReplacementOrder': 'false', 'IsSoldByAB': False, 'LatestShipDate': '2024-09-01T06:59:59Z', 'ShipServiceLevel': 'Expedited', 'IsISPU': False, 'MarketplaceId': 'ATVPDKIKX0DER', 'PurchaseDate': '2024-08-31T15:21:02Z', 'ShippingAddress': {'StateOrRegion': 'OK', 'PostalCode': '74801-8119', 'City': 'SHAWNEE', 'CountryCode': 'US'}, 'IsAccessPointOrder': False, 'SellerOrderId': '112-7056099-5973007', 'PaymentMethod': 'Other', 'IsBusinessOrder': False, 'OrderTotal': {'CurrencyCode': 'USD', 'Amount': '10.59'}, 'PaymentMethodDetails': ['Standard'], 'IsGlobalExpressEnabled': False, 'LastUpdateDate': '2024-09-04T09:38:33Z', 'ShipmentServiceLevelCategory': 'Expedited'}
[2024-09-04T21:31:45.852+0000] {subprocess.py:93} INFO - next_token: None
[2024-09-04T21:31:45.852+0000] {subprocess.py:93} INFO - chunk finished
[2024-09-04T21:31:45.853+0000] {subprocess.py:93} INFO - Status Code: 200
[2024-09-04T21:31:45.853+0000] {subprocess.py:93} INFO - 1 chunk fetched succesfully!
[2024-09-04T21:31:45.853+0000] {subprocess.py:93} INFO - sleeping for 5 seconds to avoid exceed rate limit
[2024-09-04T21:31:45.857+0000] {subprocess.py:93} INFO - fetched order_items of 1 orders
[2024-09-04T21:31:45.857+0000] {subprocess.py:93} INFO - fetched order_items of 2 orders
[2024-09-04T21:31:45.857+0000] {subprocess.py:93} INFO - fetched order_items of 3 orders
[2024-09-04T21:31:45.858+0000] {subprocess.py:93} INFO - fetched order_items of 4 orders
[2024-09-04T21:31:45.858+0000] {subprocess.py:93} INFO - fetched order_items of 5 orders
[2024-09-04T21:31:45.859+0000] {subprocess.py:93} INFO - fetched order_items of 6 orders
[2024-09-04T21:31:45.859+0000] {subprocess.py:93} INFO - fetched order_items of 7 orders
[2024-09-04T21:31:45.859+0000] {subprocess.py:93} INFO - fetched order_items of 8 orders
[2024-09-04T21:31:45.859+0000] {subprocess.py:93} INFO - fetched order_items of 9 orders
[2024-09-04T21:31:45.860+0000] {subprocess.py:93} INFO - fetched order_items of 10 orders
[2024-09-04T21:31:45.860+0000] {subprocess.py:93} INFO - fetched order_items of 11 orders
[2024-09-04T21:31:45.860+0000] {subprocess.py:93} INFO - fetched order_items of 12 orders
[2024-09-04T21:31:45.860+0000] {subprocess.py:93} INFO - fetched order_items of 13 orders
[2024-09-04T21:31:45.861+0000] {subprocess.py:93} INFO - fetched order_items of 14 orders
[2024-09-04T21:31:45.861+0000] {subprocess.py:93} INFO - fetched order_items of 15 orders
[2024-09-04T21:31:45.861+0000] {subprocess.py:93} INFO - fetched order_items of 16 orders
[2024-09-04T21:31:45.861+0000] {subprocess.py:93} INFO - fetched order_items of 17 orders
[2024-09-04T21:31:45.862+0000] {subprocess.py:93} INFO - fetched order_items of 18 orders
[2024-09-04T21:31:45.862+0000] {subprocess.py:93} INFO - fetched order_items of 19 orders
[2024-09-04T21:31:45.862+0000] {subprocess.py:93} INFO - fetched order_items of 20 orders
[2024-09-04T21:31:45.863+0000] {subprocess.py:93} INFO - fetched order_items of 21 orders
[2024-09-04T21:31:45.863+0000] {subprocess.py:93} INFO - fetched order_items of 22 orders
[2024-09-04T21:31:45.863+0000] {subprocess.py:93} INFO - fetched order_items of 23 orders
[2024-09-04T21:31:45.864+0000] {subprocess.py:93} INFO - fetched order_items of 24 orders
[2024-09-04T21:31:45.864+0000] {subprocess.py:93} INFO - fetched order_items of 25 orders
[2024-09-04T21:31:45.864+0000] {subprocess.py:93} INFO - fetched order_items of 26 orders
[2024-09-04T21:31:45.865+0000] {subprocess.py:93} INFO - fetched order_items of 27 orders
[2024-09-04T21:31:45.865+0000] {subprocess.py:93} INFO - fetched order_items of 28 orders
[2024-09-04T21:31:45.865+0000] {subprocess.py:93} INFO - fetched order_items of 29 orders
[2024-09-04T21:31:45.865+0000] {subprocess.py:93} INFO - fetched order_items of 30 orders
[2024-09-04T21:31:45.865+0000] {subprocess.py:93} INFO - fetched order_items of 31 orders
[2024-09-04T21:31:45.865+0000] {subprocess.py:93} INFO - fetched order_items of 32 orders
[2024-09-04T21:31:45.865+0000] {subprocess.py:93} INFO - fetched order_items of 33 orders
[2024-09-04T21:31:45.866+0000] {subprocess.py:93} INFO - fetched order_items of 34 orders
[2024-09-04T21:31:45.866+0000] {subprocess.py:93} INFO - fetched order_items of 35 orders
[2024-09-04T21:31:45.866+0000] {subprocess.py:93} INFO - Finished!!!
[2024-09-04T21:31:45.866+0000] {subprocess.py:93} INFO - there are totally 35 orders fetched
[2024-09-04T21:31:45.866+0000] {subprocess.py:93} INFO - start exporting orders
[2024-09-04T21:31:45.866+0000] {subprocess.py:93} INFO - inserted/updated 35 records into the table "vne_dtw"."raw_amazon"."Orders"
[2024-09-04T21:31:45.866+0000] {subprocess.py:93} INFO - start exporting order_items
[2024-09-04T21:31:45.867+0000] {subprocess.py:93} INFO - inserted/updated 38 records into the table "vne_dtw"."raw_amazon"."OrderItems"
[2024-09-04T21:31:45.890+0000] {subprocess.py:97} INFO - Command exited with return code 0
[2024-09-04T21:31:45.921+0000] {taskinstance.py:1400} INFO - Marking task as SUCCESS. dag_id=run_daily_order_update_dag, task_id=run_daily_order_update_task, execution_date=20240904T213104, start_date=20240904T213105, end_date=20240904T213145
[2024-09-04T21:31:45.935+0000] {local_task_job_runner.py:228} INFO - Task exited with return code 0
[2024-09-04T21:31:45.945+0000] {taskinstance.py:2784} INFO - 0 downstream tasks scheduled from follow-on schedule check
