[2024-09-09T20:27:47.998+0000] {taskinstance.py:1159} INFO - Dependencies all met for dep_context=non-requeueable deps ti=<TaskInstance: run_daily_order_update_dag.run_fetch_raw_amazon_removal_report manual__2024-09-09T20:27:46.417954+00:00 [queued]>
[2024-09-09T20:27:48.017+0000] {taskinstance.py:1159} INFO - Dependencies all met for dep_context=requeueable deps ti=<TaskInstance: run_daily_order_update_dag.run_fetch_raw_amazon_removal_report manual__2024-09-09T20:27:46.417954+00:00 [queued]>
[2024-09-09T20:27:48.021+0000] {taskinstance.py:1361} INFO - Starting attempt 1 of 1
[2024-09-09T20:27:48.037+0000] {taskinstance.py:1382} INFO - Executing <Task(BashOperator): run_fetch_raw_amazon_removal_report> on 2024-09-09 20:27:46.417954+00:00
[2024-09-09T20:27:48.045+0000] {standard_task_runner.py:57} INFO - Started process 319 to run task
[2024-09-09T20:27:48.069+0000] {standard_task_runner.py:84} INFO - Running: ['***', 'tasks', 'run', 'run_daily_order_update_dag', 'run_fetch_raw_amazon_removal_report', 'manual__2024-09-09T20:27:46.417954+00:00', '--job-id', '255', '--raw', '--subdir', 'DAGS_FOLDER/run_daily_order_update.py', '--cfg-path', '/tmp/tmpxzb63rlm']
[2024-09-09T20:27:48.075+0000] {standard_task_runner.py:85} INFO - Job 255: Subtask run_fetch_raw_amazon_removal_report
[2024-09-09T20:27:48.138+0000] {task_command.py:415} INFO - Running <TaskInstance: run_daily_order_update_dag.run_fetch_raw_amazon_removal_report manual__2024-09-09T20:27:46.417954+00:00 [running]> on host 5c121da44a2d
[2024-09-09T20:27:48.205+0000] {taskinstance.py:1660} INFO - Exporting env vars: AIRFLOW_CTX_DAG_OWNER='***' AIRFLOW_CTX_DAG_ID='run_daily_order_update_dag' AIRFLOW_CTX_TASK_ID='run_fetch_raw_amazon_removal_report' AIRFLOW_CTX_EXECUTION_DATE='2024-09-09T20:27:46.417954+00:00' AIRFLOW_CTX_TRY_NUMBER='1' AIRFLOW_CTX_DAG_RUN_ID='manual__2024-09-09T20:27:46.417954+00:00'
[2024-09-09T20:27:48.207+0000] {subprocess.py:63} INFO - Tmp dir root location: /tmp
[2024-09-09T20:27:48.208+0000] {subprocess.py:75} INFO - Running command: ['/bin/bash', '-c', 'docker exec python-scripts-container python3 /opt/python_scripts/run_fetch_raw_amazon_removal_report.py']
[2024-09-09T20:27:48.214+0000] {subprocess.py:86} INFO - Output:
[2024-09-09T20:28:14.111+0000] {subprocess.py:93} INFO - Report status is IN_QUEUE, retrying... (1/60)
[2024-09-09T20:28:14.127+0000] {subprocess.py:93} INFO - Report status is IN_QUEUE, retrying... (2/60)
[2024-09-09T20:28:14.128+0000] {subprocess.py:93} INFO - Report status is IN_PROGRESS, retrying... (3/60)
[2024-09-09T20:28:14.130+0000] {subprocess.py:93} INFO - Report status is IN_PROGRESS, retrying... (4/60)
[2024-09-09T20:28:14.131+0000] {subprocess.py:93} INFO - Report was broken, report status: 'FATAL'
[2024-09-09T20:28:14.249+0000] {subprocess.py:97} INFO - Command exited with return code 0
[2024-09-09T20:28:14.306+0000] {taskinstance.py:1400} INFO - Marking task as SUCCESS. dag_id=run_daily_order_update_dag, task_id=run_fetch_raw_amazon_removal_report, execution_date=20240909T202746, start_date=20240909T202748, end_date=20240909T202814
[2024-09-09T20:28:14.340+0000] {local_task_job_runner.py:228} INFO - Task exited with return code 0
[2024-09-09T20:28:14.354+0000] {taskinstance.py:2784} INFO - 0 downstream tasks scheduled from follow-on schedule check
