[2024-09-10T08:00:01.452+0000] {taskinstance.py:1159} INFO - Dependencies all met for dep_context=non-requeueable deps ti=<TaskInstance: run_daily_order_update_dag.run_daily_order_update_task scheduled__2024-09-10T06:00:00+00:00 [queued]>
[2024-09-10T08:00:01.465+0000] {taskinstance.py:1159} INFO - Dependencies all met for dep_context=requeueable deps ti=<TaskInstance: run_daily_order_update_dag.run_daily_order_update_task scheduled__2024-09-10T06:00:00+00:00 [queued]>
[2024-09-10T08:00:01.465+0000] {taskinstance.py:1361} INFO - Starting attempt 1 of 1
[2024-09-10T08:00:01.478+0000] {taskinstance.py:1382} INFO - Executing <Task(BashOperator): run_daily_order_update_task> on 2024-09-10 06:00:00+00:00
[2024-09-10T08:00:01.487+0000] {standard_task_runner.py:57} INFO - Started process 791 to run task
[2024-09-10T08:00:01.498+0000] {standard_task_runner.py:84} INFO - Running: ['***', 'tasks', 'run', 'run_daily_order_update_dag', 'run_daily_order_update_task', 'scheduled__2024-09-10T06:00:00+00:00', '--job-id', '314', '--raw', '--subdir', 'DAGS_FOLDER/run_daily_order_update.py', '--cfg-path', '/tmp/tmphb5npigy']
[2024-09-10T08:00:01.504+0000] {standard_task_runner.py:85} INFO - Job 314: Subtask run_daily_order_update_task
[2024-09-10T08:00:01.541+0000] {task_command.py:415} INFO - Running <TaskInstance: run_daily_order_update_dag.run_daily_order_update_task scheduled__2024-09-10T06:00:00+00:00 [running]> on host 5c121da44a2d
[2024-09-10T08:00:01.610+0000] {taskinstance.py:1660} INFO - Exporting env vars: AIRFLOW_CTX_DAG_OWNER='***' AIRFLOW_CTX_DAG_ID='run_daily_order_update_dag' AIRFLOW_CTX_TASK_ID='run_daily_order_update_task' AIRFLOW_CTX_EXECUTION_DATE='2024-09-10T06:00:00+00:00' AIRFLOW_CTX_TRY_NUMBER='1' AIRFLOW_CTX_DAG_RUN_ID='scheduled__2024-09-10T06:00:00+00:00'
[2024-09-10T08:00:01.611+0000] {subprocess.py:63} INFO - Tmp dir root location: /tmp
[2024-09-10T08:00:01.612+0000] {subprocess.py:75} INFO - Running command: ['/bin/bash', '-c', 'docker exec python-scripts-container python3 /opt/python_scripts/run_fetch_raw_amazon_Orders.py']
[2024-09-10T08:00:01.618+0000] {subprocess.py:86} INFO - Output:
[2024-09-10T08:00:15.909+0000] {subprocess.py:93} INFO - fetching data from 2024-09-10 05:48:51 and 2024-09-10 07:30:02
[2024-09-10T08:00:15.919+0000] {subprocess.py:93} INFO - next_token: None
[2024-09-10T08:00:15.920+0000] {subprocess.py:93} INFO - chunk finished
[2024-09-10T08:00:15.920+0000] {subprocess.py:93} INFO - Status Code: 200
[2024-09-10T08:00:15.921+0000] {subprocess.py:93} INFO - 1 chunk fetched succesfully!
[2024-09-10T08:00:15.921+0000] {subprocess.py:93} INFO - sleeping for 5 seconds to avoid exceed rate limit
[2024-09-10T08:00:15.921+0000] {subprocess.py:93} INFO - fetched order_items of 1 orders
[2024-09-10T08:00:15.921+0000] {subprocess.py:93} INFO - fetched order_items of 2 orders
[2024-09-10T08:00:15.921+0000] {subprocess.py:93} INFO - fetched order_items of 3 orders
[2024-09-10T08:00:15.922+0000] {subprocess.py:93} INFO - fetched order_items of 4 orders
[2024-09-10T08:00:15.922+0000] {subprocess.py:93} INFO - fetched order_items of 5 orders
[2024-09-10T08:00:15.922+0000] {subprocess.py:93} INFO - fetched order_items of 6 orders
[2024-09-10T08:00:15.922+0000] {subprocess.py:93} INFO - fetched order_items of 7 orders
[2024-09-10T08:00:15.922+0000] {subprocess.py:93} INFO - fetched order_items of 8 orders
[2024-09-10T08:00:15.922+0000] {subprocess.py:93} INFO - Finished!!!
[2024-09-10T08:00:15.922+0000] {subprocess.py:93} INFO - there are totally 8 orders fetched
[2024-09-10T08:00:15.922+0000] {subprocess.py:93} INFO - start exporting orders
[2024-09-10T08:00:15.923+0000] {subprocess.py:93} INFO - Inserted/updated 8 records into the table "vne_dtw"."raw_amazon"."Orders"
[2024-09-10T08:00:15.923+0000] {subprocess.py:93} INFO - start exporting order_items
[2024-09-10T08:00:15.923+0000] {subprocess.py:93} INFO - Inserted/updated 10 records into the table "vne_dtw"."raw_amazon"."OrderItems"
[2024-09-10T08:00:15.959+0000] {subprocess.py:97} INFO - Command exited with return code 0
[2024-09-10T08:00:16.025+0000] {taskinstance.py:1400} INFO - Marking task as SUCCESS. dag_id=run_daily_order_update_dag, task_id=run_daily_order_update_task, execution_date=20240910T060000, start_date=20240910T080001, end_date=20240910T080016
[2024-09-10T08:00:16.062+0000] {local_task_job_runner.py:228} INFO - Task exited with return code 0
[2024-09-10T08:00:16.094+0000] {taskinstance.py:2784} INFO - 0 downstream tasks scheduled from follow-on schedule check
