[2024-09-03T13:34:06.282+0000] {taskinstance.py:1159} INFO - Dependencies all met for dep_context=non-requeueable deps ti=<TaskInstance: run_daily_order_update_dag.run_daily_order_update_task manual__2024-09-03T13:33:53.058254+00:00 [queued]>
[2024-09-03T13:34:06.287+0000] {taskinstance.py:1159} INFO - Dependencies all met for dep_context=requeueable deps ti=<TaskInstance: run_daily_order_update_dag.run_daily_order_update_task manual__2024-09-03T13:33:53.058254+00:00 [queued]>
[2024-09-03T13:34:06.287+0000] {taskinstance.py:1361} INFO - Starting attempt 1 of 1
[2024-09-03T13:34:06.294+0000] {taskinstance.py:1382} INFO - Executing <Task(BashOperator): run_daily_order_update_task> on 2024-09-03 13:33:53.058254+00:00
[2024-09-03T13:34:06.298+0000] {standard_task_runner.py:57} INFO - Started process 528 to run task
[2024-09-03T13:34:06.301+0000] {standard_task_runner.py:84} INFO - Running: ['***', 'tasks', 'run', 'run_daily_order_update_dag', 'run_daily_order_update_task', 'manual__2024-09-03T13:33:53.058254+00:00', '--job-id', '145', '--raw', '--subdir', 'DAGS_FOLDER/run_daily_order_update.py', '--cfg-path', '/tmp/tmpcdvn1bdv']
[2024-09-03T13:34:06.304+0000] {standard_task_runner.py:85} INFO - Job 145: Subtask run_daily_order_update_task
[2024-09-03T13:34:06.331+0000] {task_command.py:415} INFO - Running <TaskInstance: run_daily_order_update_dag.run_daily_order_update_task manual__2024-09-03T13:33:53.058254+00:00 [running]> on host 72b118567d71
[2024-09-03T13:34:06.367+0000] {taskinstance.py:1660} INFO - Exporting env vars: AIRFLOW_CTX_DAG_OWNER='***' AIRFLOW_CTX_DAG_ID='run_daily_order_update_dag' AIRFLOW_CTX_TASK_ID='run_daily_order_update_task' AIRFLOW_CTX_EXECUTION_DATE='2024-09-03T13:33:53.058254+00:00' AIRFLOW_CTX_TRY_NUMBER='1' AIRFLOW_CTX_DAG_RUN_ID='manual__2024-09-03T13:33:53.058254+00:00'
[2024-09-03T13:34:06.368+0000] {subprocess.py:63} INFO - Tmp dir root location: /tmp
[2024-09-03T13:34:06.368+0000] {subprocess.py:75} INFO - Running command: ['/bin/bash', '-c', 'python3 /opt/***/python_scripts/run_daily_orders_update.py']
[2024-09-03T13:34:06.373+0000] {subprocess.py:86} INFO - Output:
[2024-09-03T13:34:54.572+0000] {subprocess.py:93} INFO - fetching data from 2024-09-02 10:54:27 and 2024-09-03 13:04:06
[2024-09-03T13:34:54.578+0000] {subprocess.py:93} INFO - {'BuyerInfo': {'BuyerEmail': 'jbx3c26cwhh0nnz@marketplace.amazon.com'}, 'AmazonOrderId': '113-4455968-4105819', 'EarliestShipDate': '2024-09-02T06:59:59Z', 'SalesChannel': 'Amazon.com', 'OrderStatus': 'Shipped', 'NumberOfItemsShipped': 1, 'OrderType': 'StandardOrder', 'IsPremiumOrder': False, 'IsPrime': False, 'FulfillmentChannel': 'AFN', 'NumberOfItemsUnshipped': 0, 'HasRegulatedItems': False, 'IsReplacementOrder': 'false', 'IsSoldByAB': False, 'LatestShipDate': '2024-09-02T06:59:59Z', 'ShipServiceLevel': 'Expedited', 'IsISPU': False, 'MarketplaceId': 'ATVPDKIKX0DER', 'PurchaseDate': '2024-09-01T17:01:14Z', 'ShippingAddress': {'StateOrRegion': 'CO', 'PostalCode': '80916-4545', 'City': 'COLORADO SPRINGS', 'CountryCode': 'US'}, 'IsAccessPointOrder': False, 'SellerOrderId': '113-4455968-4105819', 'PaymentMethod': 'Other', 'IsBusinessOrder': False, 'OrderTotal': {'CurrencyCode': 'USD', 'Amount': '4.32'}, 'PaymentMethodDetails': ['Standard'], 'IsGlobalExpressEnabled': False, 'LastUpdateDate': '2024-09-02T12:57:04Z', 'ShipmentServiceLevelCategory': 'Expedited'}
[2024-09-03T13:34:54.579+0000] {subprocess.py:93} INFO - next_token: None
[2024-09-03T13:34:54.579+0000] {subprocess.py:93} INFO - chunk finished
[2024-09-03T13:34:54.579+0000] {subprocess.py:93} INFO - Status Code: 200
[2024-09-03T13:34:54.580+0000] {subprocess.py:93} INFO - 1 chunk fetched succesfully!
[2024-09-03T13:34:54.580+0000] {subprocess.py:93} INFO - sleeping for 5 seconds to avoid exceed rate limit
[2024-09-03T13:34:54.580+0000] {subprocess.py:93} INFO - fetched order_items of 1 orders
[2024-09-03T13:34:54.580+0000] {subprocess.py:93} INFO - fetched order_items of 2 orders
[2024-09-03T13:34:54.581+0000] {subprocess.py:93} INFO - fetched order_items of 3 orders
[2024-09-03T13:34:54.581+0000] {subprocess.py:93} INFO - fetched order_items of 4 orders
[2024-09-03T13:34:54.581+0000] {subprocess.py:93} INFO - fetched order_items of 5 orders
[2024-09-03T13:34:54.582+0000] {subprocess.py:93} INFO - fetched order_items of 6 orders
[2024-09-03T13:34:54.582+0000] {subprocess.py:93} INFO - fetched order_items of 7 orders
[2024-09-03T13:34:54.582+0000] {subprocess.py:93} INFO - fetched order_items of 8 orders
[2024-09-03T13:34:54.583+0000] {subprocess.py:93} INFO - fetched order_items of 9 orders
[2024-09-03T13:34:54.583+0000] {subprocess.py:93} INFO - fetched order_items of 10 orders
[2024-09-03T13:34:54.583+0000] {subprocess.py:93} INFO - fetched order_items of 11 orders
[2024-09-03T13:34:54.583+0000] {subprocess.py:93} INFO - fetched order_items of 12 orders
[2024-09-03T13:34:54.583+0000] {subprocess.py:93} INFO - fetched order_items of 13 orders
[2024-09-03T13:34:54.583+0000] {subprocess.py:93} INFO - fetched order_items of 14 orders
[2024-09-03T13:34:54.583+0000] {subprocess.py:93} INFO - fetched order_items of 15 orders
[2024-09-03T13:34:54.584+0000] {subprocess.py:93} INFO - fetched order_items of 16 orders
[2024-09-03T13:34:54.584+0000] {subprocess.py:93} INFO - fetched order_items of 17 orders
[2024-09-03T13:34:54.584+0000] {subprocess.py:93} INFO - fetched order_items of 18 orders
[2024-09-03T13:34:54.584+0000] {subprocess.py:93} INFO - fetched order_items of 19 orders
[2024-09-03T13:34:54.584+0000] {subprocess.py:93} INFO - fetched order_items of 20 orders
[2024-09-03T13:34:54.584+0000] {subprocess.py:93} INFO - fetched order_items of 21 orders
[2024-09-03T13:34:54.584+0000] {subprocess.py:93} INFO - fetched order_items of 22 orders
[2024-09-03T13:34:54.585+0000] {subprocess.py:93} INFO - fetched order_items of 23 orders
[2024-09-03T13:34:54.585+0000] {subprocess.py:93} INFO - fetched order_items of 24 orders
[2024-09-03T13:34:54.585+0000] {subprocess.py:93} INFO - fetched order_items of 25 orders
[2024-09-03T13:34:54.585+0000] {subprocess.py:93} INFO - fetched order_items of 26 orders
[2024-09-03T13:34:54.585+0000] {subprocess.py:93} INFO - fetched order_items of 27 orders
[2024-09-03T13:34:54.585+0000] {subprocess.py:93} INFO - fetched order_items of 28 orders
[2024-09-03T13:34:54.586+0000] {subprocess.py:93} INFO - fetched order_items of 29 orders
[2024-09-03T13:34:54.586+0000] {subprocess.py:93} INFO - fetched order_items of 30 orders
[2024-09-03T13:34:54.586+0000] {subprocess.py:93} INFO - fetched order_items of 31 orders
[2024-09-03T13:34:54.586+0000] {subprocess.py:93} INFO - fetched order_items of 32 orders
[2024-09-03T13:34:54.587+0000] {subprocess.py:93} INFO - fetched order_items of 33 orders
[2024-09-03T13:34:54.587+0000] {subprocess.py:93} INFO - fetched order_items of 34 orders
[2024-09-03T13:34:54.587+0000] {subprocess.py:93} INFO - fetched order_items of 35 orders
[2024-09-03T13:34:54.587+0000] {subprocess.py:93} INFO - fetched order_items of 36 orders
[2024-09-03T13:34:54.587+0000] {subprocess.py:93} INFO - fetched order_items of 37 orders
[2024-09-03T13:34:54.588+0000] {subprocess.py:93} INFO - fetched order_items of 38 orders
[2024-09-03T13:34:54.588+0000] {subprocess.py:93} INFO - fetched order_items of 39 orders
[2024-09-03T13:34:54.588+0000] {subprocess.py:93} INFO - fetched order_items of 40 orders
[2024-09-03T13:34:54.588+0000] {subprocess.py:93} INFO - fetched order_items of 41 orders
[2024-09-03T13:34:54.589+0000] {subprocess.py:93} INFO - fetched order_items of 42 orders
[2024-09-03T13:34:54.589+0000] {subprocess.py:93} INFO - fetched order_items of 43 orders
[2024-09-03T13:34:54.589+0000] {subprocess.py:93} INFO - fetched order_items of 44 orders
[2024-09-03T13:34:54.590+0000] {subprocess.py:93} INFO - fetched order_items of 45 orders
[2024-09-03T13:34:54.590+0000] {subprocess.py:93} INFO - Finished!!!
[2024-09-03T13:34:54.590+0000] {subprocess.py:93} INFO - there are totally 45 orders fetched
[2024-09-03T13:34:54.590+0000] {subprocess.py:93} INFO - start exporting orders
[2024-09-03T13:34:54.591+0000] {subprocess.py:93} INFO - inserted/updated 45 records into the table "vne_dtw"."raw_amazon"."Orders"
[2024-09-03T13:34:54.591+0000] {subprocess.py:93} INFO - start exporting order_items
[2024-09-03T13:34:54.591+0000] {subprocess.py:93} INFO - inserted/updated 62 records into the table "vne_dtw"."raw_amazon"."OrderItems"
[2024-09-03T13:34:54.603+0000] {subprocess.py:97} INFO - Command exited with return code 0
[2024-09-03T13:34:54.643+0000] {taskinstance.py:1400} INFO - Marking task as SUCCESS. dag_id=run_daily_order_update_dag, task_id=run_daily_order_update_task, execution_date=20240903T133353, start_date=20240903T133406, end_date=20240903T133454
[2024-09-03T13:34:54.703+0000] {local_task_job_runner.py:228} INFO - Task exited with return code 0
[2024-09-03T13:34:54.719+0000] {taskinstance.py:2784} INFO - 0 downstream tasks scheduled from follow-on schedule check
