[2024-09-11T08:54:07.138+0000] {taskinstance.py:1159} INFO - Dependencies all met for dep_context=non-requeueable deps ti=<TaskInstance: run_daily_order_update_dag.run_fetch_raw_amazon_removal_report manual__2024-09-11T08:54:05.736558+00:00 [queued]>
[2024-09-11T08:54:07.141+0000] {taskinstance.py:1159} INFO - Dependencies all met for dep_context=requeueable deps ti=<TaskInstance: run_daily_order_update_dag.run_fetch_raw_amazon_removal_report manual__2024-09-11T08:54:05.736558+00:00 [queued]>
[2024-09-11T08:54:07.142+0000] {taskinstance.py:1361} INFO - Starting attempt 1 of 1
[2024-09-11T08:54:07.149+0000] {taskinstance.py:1382} INFO - Executing <Task(BashOperator): run_fetch_raw_amazon_removal_report> on 2024-09-11 08:54:05.736558+00:00
[2024-09-11T08:54:07.154+0000] {standard_task_runner.py:57} INFO - Started process 206 to run task
[2024-09-11T08:54:07.157+0000] {standard_task_runner.py:84} INFO - Running: ['***', 'tasks', 'run', 'run_daily_order_update_dag', 'run_fetch_raw_amazon_removal_report', 'manual__2024-09-11T08:54:05.736558+00:00', '--job-id', '340', '--raw', '--subdir', 'DAGS_FOLDER/run_daily_order_update.py', '--cfg-path', '/tmp/tmp7v79wqzl']
[2024-09-11T08:54:07.160+0000] {standard_task_runner.py:85} INFO - Job 340: Subtask run_fetch_raw_amazon_removal_report
[2024-09-11T08:54:07.212+0000] {task_command.py:415} INFO - Running <TaskInstance: run_daily_order_update_dag.run_fetch_raw_amazon_removal_report manual__2024-09-11T08:54:05.736558+00:00 [running]> on host 2c451b520589
[2024-09-11T08:54:07.265+0000] {taskinstance.py:1660} INFO - Exporting env vars: AIRFLOW_CTX_DAG_OWNER='***' AIRFLOW_CTX_DAG_ID='run_daily_order_update_dag' AIRFLOW_CTX_TASK_ID='run_fetch_raw_amazon_removal_report' AIRFLOW_CTX_EXECUTION_DATE='2024-09-11T08:54:05.736558+00:00' AIRFLOW_CTX_TRY_NUMBER='1' AIRFLOW_CTX_DAG_RUN_ID='manual__2024-09-11T08:54:05.736558+00:00'
[2024-09-11T08:54:07.267+0000] {subprocess.py:63} INFO - Tmp dir root location: /tmp
[2024-09-11T08:54:07.267+0000] {subprocess.py:75} INFO - Running command: ['/bin/bash', '-c', 'docker exec python-scripts-container python3 /opt/python_scripts/run_fetch_raw_amazon_removal_report.py']
[2024-09-11T08:54:07.275+0000] {subprocess.py:86} INFO - Output:
[2024-09-11T08:54:27.216+0000] {subprocess.py:93} INFO - Report status is IN_QUEUE, retrying... (1/60)
[2024-09-11T08:54:27.224+0000] {subprocess.py:93} INFO - Report status is IN_QUEUE, retrying... (2/60)
[2024-09-11T08:54:27.225+0000] {subprocess.py:93} INFO - Report status is IN_PROGRESS, retrying... (3/60)
[2024-09-11T08:54:27.225+0000] {subprocess.py:93} INFO - Report was broken, report status: 'FATAL'
[2024-09-11T08:54:27.333+0000] {subprocess.py:97} INFO - Command exited with return code 0
[2024-09-11T08:54:27.362+0000] {taskinstance.py:1400} INFO - Marking task as SUCCESS. dag_id=run_daily_order_update_dag, task_id=run_fetch_raw_amazon_removal_report, execution_date=20240911T085405, start_date=20240911T085407, end_date=20240911T085427
[2024-09-11T08:54:27.391+0000] {local_task_job_runner.py:228} INFO - Task exited with return code 0
[2024-09-11T08:54:27.415+0000] {taskinstance.py:2784} INFO - 1 downstream tasks scheduled from follow-on schedule check
