[2024-09-05T10:00:00.980+0000] {taskinstance.py:1159} INFO - Dependencies all met for dep_context=non-requeueable deps ti=<TaskInstance: run_daily_order_update_dag.run_daily_order_update_task scheduled__2024-09-05T08:00:00+00:00 [queued]>
[2024-09-05T10:00:00.984+0000] {taskinstance.py:1159} INFO - Dependencies all met for dep_context=requeueable deps ti=<TaskInstance: run_daily_order_update_dag.run_daily_order_update_task scheduled__2024-09-05T08:00:00+00:00 [queued]>
[2024-09-05T10:00:00.984+0000] {taskinstance.py:1361} INFO - Starting attempt 1 of 1
[2024-09-05T10:00:00.989+0000] {taskinstance.py:1382} INFO - Executing <Task(BashOperator): run_daily_order_update_task> on 2024-09-05 08:00:00+00:00
[2024-09-05T10:00:00.992+0000] {standard_task_runner.py:57} INFO - Started process 266 to run task
[2024-09-05T10:00:00.994+0000] {standard_task_runner.py:84} INFO - Running: ['***', 'tasks', 'run', 'run_daily_order_update_dag', 'run_daily_order_update_task', 'scheduled__2024-09-05T08:00:00+00:00', '--job-id', '209', '--raw', '--subdir', 'DAGS_FOLDER/run_daily_order_update.py', '--cfg-path', '/tmp/tmpibvnbhjp']
[2024-09-05T10:00:00.995+0000] {standard_task_runner.py:85} INFO - Job 209: Subtask run_daily_order_update_task
[2024-09-05T10:00:01.037+0000] {task_command.py:415} INFO - Running <TaskInstance: run_daily_order_update_dag.run_daily_order_update_task scheduled__2024-09-05T08:00:00+00:00 [running]> on host 5a3d24cc3b8e
[2024-09-05T10:00:01.080+0000] {taskinstance.py:1660} INFO - Exporting env vars: AIRFLOW_CTX_DAG_OWNER='***' AIRFLOW_CTX_DAG_ID='run_daily_order_update_dag' AIRFLOW_CTX_TASK_ID='run_daily_order_update_task' AIRFLOW_CTX_EXECUTION_DATE='2024-09-05T08:00:00+00:00' AIRFLOW_CTX_TRY_NUMBER='1' AIRFLOW_CTX_DAG_RUN_ID='scheduled__2024-09-05T08:00:00+00:00'
[2024-09-05T10:00:01.081+0000] {subprocess.py:63} INFO - Tmp dir root location: /tmp
[2024-09-05T10:00:01.082+0000] {subprocess.py:75} INFO - Running command: ['/bin/bash', '-c', 'docker exec python-scripts-container python3 /opt/python_scripts/run_daily_orders_update.py']
[2024-09-05T10:00:01.086+0000] {subprocess.py:86} INFO - Output:
[2024-09-05T10:00:14.611+0000] {subprocess.py:93} INFO - fetching data from 2024-09-05 07:26:46 and 2024-09-05 09:30:01
[2024-09-05T10:00:14.617+0000] {subprocess.py:93} INFO - {'BuyerInfo': {}, 'AmazonOrderId': '111-3263350-0689000', 'EarliestShipDate': '2024-09-04T06:59:59Z', 'SalesChannel': 'Amazon.com', 'OrderStatus': 'Pending', 'NumberOfItemsShipped': 0, 'OrderType': 'StandardOrder', 'IsPremiumOrder': False, 'IsPrime': False, 'FulfillmentChannel': 'AFN', 'NumberOfItemsUnshipped': 1, 'HasRegulatedItems': False, 'IsReplacementOrder': 'false', 'IsSoldByAB': False, 'LatestShipDate': '2024-09-04T06:59:59Z', 'ShipServiceLevel': 'SecondDay', 'IsISPU': False, 'MarketplaceId': 'ATVPDKIKX0DER', 'PurchaseDate': '2024-09-04T03:47:36Z', 'IsAccessPointOrder': False, 'SellerOrderId': '111-3263350-0689000', 'PaymentMethod': 'Other', 'IsBusinessOrder': False, 'PaymentMethodDetails': ['Standard'], 'IsGlobalExpressEnabled': False, 'LastUpdateDate': '2024-09-05T07:36:56Z', 'ShipmentServiceLevelCategory': 'SecondDay'}
[2024-09-05T10:00:14.618+0000] {subprocess.py:93} INFO - next_token: None
[2024-09-05T10:00:14.618+0000] {subprocess.py:93} INFO - chunk finished
[2024-09-05T10:00:14.619+0000] {subprocess.py:93} INFO - Status Code: 200
[2024-09-05T10:00:14.619+0000] {subprocess.py:93} INFO - 1 chunk fetched succesfully!
[2024-09-05T10:00:14.619+0000] {subprocess.py:93} INFO - sleeping for 5 seconds to avoid exceed rate limit
[2024-09-05T10:00:14.619+0000] {subprocess.py:93} INFO - fetched order_items of 1 orders
[2024-09-05T10:00:14.620+0000] {subprocess.py:93} INFO - fetched order_items of 2 orders
[2024-09-05T10:00:14.620+0000] {subprocess.py:93} INFO - fetched order_items of 3 orders
[2024-09-05T10:00:14.620+0000] {subprocess.py:93} INFO - fetched order_items of 4 orders
[2024-09-05T10:00:14.620+0000] {subprocess.py:93} INFO - fetched order_items of 5 orders
[2024-09-05T10:00:14.621+0000] {subprocess.py:93} INFO - fetched order_items of 6 orders
[2024-09-05T10:00:14.621+0000] {subprocess.py:93} INFO - fetched order_items of 7 orders
[2024-09-05T10:00:14.624+0000] {subprocess.py:93} INFO - Finished!!!
[2024-09-05T10:00:14.624+0000] {subprocess.py:93} INFO - there are totally 7 orders fetched
[2024-09-05T10:00:14.624+0000] {subprocess.py:93} INFO - start exporting orders
[2024-09-05T10:00:14.625+0000] {subprocess.py:93} INFO - inserted/updated 7 records into the table "vne_dtw"."raw_amazon"."Orders"
[2024-09-05T10:00:14.625+0000] {subprocess.py:93} INFO - start exporting order_items
[2024-09-05T10:00:14.625+0000] {subprocess.py:93} INFO - inserted/updated 8 records into the table "vne_dtw"."raw_amazon"."OrderItems"
[2024-09-05T10:00:14.662+0000] {subprocess.py:97} INFO - Command exited with return code 0
[2024-09-05T10:00:14.711+0000] {taskinstance.py:1400} INFO - Marking task as SUCCESS. dag_id=run_daily_order_update_dag, task_id=run_daily_order_update_task, execution_date=20240905T080000, start_date=20240905T100000, end_date=20240905T100014
[2024-09-05T10:00:14.751+0000] {local_task_job_runner.py:228} INFO - Task exited with return code 0
[2024-09-05T10:00:14.765+0000] {taskinstance.py:2784} INFO - 0 downstream tasks scheduled from follow-on schedule check
