[2024-09-11T08:54:07.136+0000] {taskinstance.py:1159} INFO - Dependencies all met for dep_context=non-requeueable deps ti=<TaskInstance: run_daily_order_update_dag.run_daily_order_update_task manual__2024-09-11T08:54:05.736558+00:00 [queued]>
[2024-09-11T08:54:07.142+0000] {taskinstance.py:1159} INFO - Dependencies all met for dep_context=requeueable deps ti=<TaskInstance: run_daily_order_update_dag.run_daily_order_update_task manual__2024-09-11T08:54:05.736558+00:00 [queued]>
[2024-09-11T08:54:07.144+0000] {taskinstance.py:1361} INFO - Starting attempt 1 of 1
[2024-09-11T08:54:07.154+0000] {taskinstance.py:1382} INFO - Executing <Task(BashOperator): run_daily_order_update_task> on 2024-09-11 08:54:05.736558+00:00
[2024-09-11T08:54:07.159+0000] {standard_task_runner.py:57} INFO - Started process 207 to run task
[2024-09-11T08:54:07.162+0000] {standard_task_runner.py:84} INFO - Running: ['***', 'tasks', 'run', 'run_daily_order_update_dag', 'run_daily_order_update_task', 'manual__2024-09-11T08:54:05.736558+00:00', '--job-id', '339', '--raw', '--subdir', 'DAGS_FOLDER/run_daily_order_update.py', '--cfg-path', '/tmp/tmpjchma9y1']
[2024-09-11T08:54:07.165+0000] {standard_task_runner.py:85} INFO - Job 339: Subtask run_daily_order_update_task
[2024-09-11T08:54:07.217+0000] {task_command.py:415} INFO - Running <TaskInstance: run_daily_order_update_dag.run_daily_order_update_task manual__2024-09-11T08:54:05.736558+00:00 [running]> on host 2c451b520589
[2024-09-11T08:54:07.267+0000] {taskinstance.py:1660} INFO - Exporting env vars: AIRFLOW_CTX_DAG_OWNER='***' AIRFLOW_CTX_DAG_ID='run_daily_order_update_dag' AIRFLOW_CTX_TASK_ID='run_daily_order_update_task' AIRFLOW_CTX_EXECUTION_DATE='2024-09-11T08:54:05.736558+00:00' AIRFLOW_CTX_TRY_NUMBER='1' AIRFLOW_CTX_DAG_RUN_ID='manual__2024-09-11T08:54:05.736558+00:00'
[2024-09-11T08:54:07.271+0000] {subprocess.py:63} INFO - Tmp dir root location: /tmp
[2024-09-11T08:54:07.273+0000] {subprocess.py:75} INFO - Running command: ['/bin/bash', '-c', 'docker exec python-scripts-container python3 /opt/python_scripts/run_fetch_raw_amazon_Orders.py']
[2024-09-11T08:54:07.287+0000] {subprocess.py:86} INFO - Output:
[2024-09-11T08:54:15.128+0000] {subprocess.py:93} INFO - fetching data from 2024-09-11 08:11:29 and 2024-09-11 08:24:07
[2024-09-11T08:54:15.133+0000] {subprocess.py:93} INFO - next_token: None
[2024-09-11T08:54:15.134+0000] {subprocess.py:93} INFO - chunk finished
[2024-09-11T08:54:15.134+0000] {subprocess.py:93} INFO - Status Code: 200
[2024-09-11T08:54:15.134+0000] {subprocess.py:93} INFO - 1 chunk fetched succesfully!
[2024-09-11T08:54:15.135+0000] {subprocess.py:93} INFO - sleeping for 5 seconds to avoid exceed rate limit
[2024-09-11T08:54:15.135+0000] {subprocess.py:93} INFO - fetched order_items of 1 orders
[2024-09-11T08:54:15.135+0000] {subprocess.py:93} INFO - Finished!!!
[2024-09-11T08:54:15.136+0000] {subprocess.py:93} INFO - there are totally 1 orders fetched
[2024-09-11T08:54:15.136+0000] {subprocess.py:93} INFO - start exporting orders
[2024-09-11T08:54:15.136+0000] {subprocess.py:93} INFO - Inserted/updated 1 records into the table "vne_dtw"."raw_amazon"."Orders"
[2024-09-11T08:54:15.136+0000] {subprocess.py:93} INFO - start exporting order_items
[2024-09-11T08:54:15.137+0000] {subprocess.py:93} INFO - Inserted/updated 1 records into the table "vne_dtw"."raw_amazon"."OrderItems"
[2024-09-11T08:54:15.168+0000] {subprocess.py:97} INFO - Command exited with return code 0
[2024-09-11T08:54:15.217+0000] {taskinstance.py:1400} INFO - Marking task as SUCCESS. dag_id=run_daily_order_update_dag, task_id=run_daily_order_update_task, execution_date=20240911T085405, start_date=20240911T085407, end_date=20240911T085415
[2024-09-11T08:54:15.267+0000] {local_task_job_runner.py:228} INFO - Task exited with return code 0
[2024-09-11T08:54:15.284+0000] {taskinstance.py:2784} INFO - 0 downstream tasks scheduled from follow-on schedule check
