[2024-09-03T19:53:59.396+0000] {taskinstance.py:1159} INFO - Dependencies all met for dep_context=non-requeueable deps ti=<TaskInstance: run_daily_order_update_dag.run_daily_order_update_task scheduled__2024-09-03T16:00:00+00:00 [queued]>
[2024-09-03T19:53:59.399+0000] {taskinstance.py:1159} INFO - Dependencies all met for dep_context=requeueable deps ti=<TaskInstance: run_daily_order_update_dag.run_daily_order_update_task scheduled__2024-09-03T16:00:00+00:00 [queued]>
[2024-09-03T19:53:59.399+0000] {taskinstance.py:1361} INFO - Starting attempt 1 of 1
[2024-09-03T19:53:59.404+0000] {taskinstance.py:1382} INFO - Executing <Task(BashOperator): run_daily_order_update_task> on 2024-09-03 16:00:00+00:00
[2024-09-03T19:53:59.407+0000] {standard_task_runner.py:57} INFO - Started process 918 to run task
[2024-09-03T19:53:59.409+0000] {standard_task_runner.py:84} INFO - Running: ['***', 'tasks', 'run', 'run_daily_order_update_dag', 'run_daily_order_update_task', 'scheduled__2024-09-03T16:00:00+00:00', '--job-id', '147', '--raw', '--subdir', 'DAGS_FOLDER/run_daily_order_update.py', '--cfg-path', '/tmp/tmp6hpnbaog']
[2024-09-03T19:53:59.411+0000] {standard_task_runner.py:85} INFO - Job 147: Subtask run_daily_order_update_task
[2024-09-03T19:53:59.433+0000] {task_command.py:415} INFO - Running <TaskInstance: run_daily_order_update_dag.run_daily_order_update_task scheduled__2024-09-03T16:00:00+00:00 [running]> on host 029975ab4b18
[2024-09-03T19:53:59.470+0000] {taskinstance.py:1660} INFO - Exporting env vars: AIRFLOW_CTX_DAG_OWNER='***' AIRFLOW_CTX_DAG_ID='run_daily_order_update_dag' AIRFLOW_CTX_TASK_ID='run_daily_order_update_task' AIRFLOW_CTX_EXECUTION_DATE='2024-09-03T16:00:00+00:00' AIRFLOW_CTX_TRY_NUMBER='1' AIRFLOW_CTX_DAG_RUN_ID='scheduled__2024-09-03T16:00:00+00:00'
[2024-09-03T19:53:59.471+0000] {subprocess.py:63} INFO - Tmp dir root location: /tmp
[2024-09-03T19:53:59.471+0000] {subprocess.py:75} INFO - Running command: ['/bin/bash', '-c', 'python3 /opt/***/python_scripts/run_daily_orders_update.py']
[2024-09-03T19:53:59.476+0000] {subprocess.py:86} INFO - Output:
[2024-09-03T19:54:22.243+0000] {subprocess.py:93} INFO - fetching data from 2024-09-03 12:53:45 and 2024-09-03 19:23:59
[2024-09-03T19:54:22.250+0000] {subprocess.py:93} INFO - {'BuyerInfo': {}, 'AmazonOrderId': '111-2950461-4220205', 'EarliestShipDate': '2024-09-05T06:59:59Z', 'SalesChannel': 'Amazon.com', 'OrderStatus': 'Pending', 'NumberOfItemsShipped': 0, 'OrderType': 'StandardOrder', 'IsPremiumOrder': False, 'IsPrime': False, 'FulfillmentChannel': 'AFN', 'NumberOfItemsUnshipped': 6, 'HasRegulatedItems': False, 'IsReplacementOrder': 'false', 'IsSoldByAB': False, 'LatestShipDate': '2024-09-05T06:59:59Z', 'ShipServiceLevel': 'Expedited', 'IsISPU': False, 'MarketplaceId': 'ATVPDKIKX0DER', 'PurchaseDate': '2024-09-03T13:48:16Z', 'IsAccessPointOrder': False, 'SellerOrderId': '111-2950461-4220205', 'PaymentMethod': 'Other', 'IsBusinessOrder': False, 'PaymentMethodDetails': ['Standard'], 'IsGlobalExpressEnabled': False, 'LastUpdateDate': '2024-09-03T13:48:31Z', 'ShipmentServiceLevelCategory': 'Expedited'}
[2024-09-03T19:54:22.251+0000] {subprocess.py:93} INFO - next_token: None
[2024-09-03T19:54:22.251+0000] {subprocess.py:93} INFO - chunk finished
[2024-09-03T19:54:22.252+0000] {subprocess.py:93} INFO - Status Code: 200
[2024-09-03T19:54:22.252+0000] {subprocess.py:93} INFO - 1 chunk fetched succesfully!
[2024-09-03T19:54:22.252+0000] {subprocess.py:93} INFO - sleeping for 5 seconds to avoid exceed rate limit
[2024-09-03T19:54:22.252+0000] {subprocess.py:93} INFO - fetched order_items of 1 orders
[2024-09-03T19:54:22.253+0000] {subprocess.py:93} INFO - fetched order_items of 2 orders
[2024-09-03T19:54:22.253+0000] {subprocess.py:93} INFO - fetched order_items of 3 orders
[2024-09-03T19:54:22.253+0000] {subprocess.py:93} INFO - fetched order_items of 4 orders
[2024-09-03T19:54:22.253+0000] {subprocess.py:93} INFO - fetched order_items of 5 orders
[2024-09-03T19:54:22.254+0000] {subprocess.py:93} INFO - fetched order_items of 6 orders
[2024-09-03T19:54:22.254+0000] {subprocess.py:93} INFO - fetched order_items of 7 orders
[2024-09-03T19:54:22.254+0000] {subprocess.py:93} INFO - fetched order_items of 8 orders
[2024-09-03T19:54:22.255+0000] {subprocess.py:93} INFO - fetched order_items of 9 orders
[2024-09-03T19:54:22.255+0000] {subprocess.py:93} INFO - fetched order_items of 10 orders
[2024-09-03T19:54:22.255+0000] {subprocess.py:93} INFO - fetched order_items of 11 orders
[2024-09-03T19:54:22.255+0000] {subprocess.py:93} INFO - fetched order_items of 12 orders
[2024-09-03T19:54:22.255+0000] {subprocess.py:93} INFO - fetched order_items of 13 orders
[2024-09-03T19:54:22.256+0000] {subprocess.py:93} INFO - fetched order_items of 14 orders
[2024-09-03T19:54:22.256+0000] {subprocess.py:93} INFO - fetched order_items of 15 orders
[2024-09-03T19:54:22.256+0000] {subprocess.py:93} INFO - fetched order_items of 16 orders
[2024-09-03T19:54:22.256+0000] {subprocess.py:93} INFO - fetched order_items of 17 orders
[2024-09-03T19:54:22.256+0000] {subprocess.py:93} INFO - Finished!!!
[2024-09-03T19:54:22.257+0000] {subprocess.py:93} INFO - there are totally 17 orders fetched
[2024-09-03T19:54:22.257+0000] {subprocess.py:93} INFO - start exporting orders
[2024-09-03T19:54:22.257+0000] {subprocess.py:93} INFO - inserted/updated 17 records into the table "vne_dtw"."raw_amazon"."Orders"
[2024-09-03T19:54:22.257+0000] {subprocess.py:93} INFO - start exporting order_items
[2024-09-03T19:54:22.257+0000] {subprocess.py:93} INFO - inserted/updated 25 records into the table "vne_dtw"."raw_amazon"."OrderItems"
[2024-09-03T19:54:22.276+0000] {subprocess.py:97} INFO - Command exited with return code 0
[2024-09-03T19:54:22.330+0000] {taskinstance.py:1400} INFO - Marking task as SUCCESS. dag_id=run_daily_order_update_dag, task_id=run_daily_order_update_task, execution_date=20240903T160000, start_date=20240903T195359, end_date=20240903T195422
[2024-09-03T19:54:22.364+0000] {local_task_job_runner.py:228} INFO - Task exited with return code 0
[2024-09-03T19:54:22.376+0000] {taskinstance.py:2784} INFO - 0 downstream tasks scheduled from follow-on schedule check
