[2024-09-10T08:00:31.289+0000] {taskinstance.py:1159} INFO - Dependencies all met for dep_context=non-requeueable deps ti=<TaskInstance: run_daily_order_update_dag.dbt_run scheduled__2024-09-10T06:00:00+00:00 [queued]>
[2024-09-10T08:00:31.293+0000] {taskinstance.py:1159} INFO - Dependencies all met for dep_context=requeueable deps ti=<TaskInstance: run_daily_order_update_dag.dbt_run scheduled__2024-09-10T06:00:00+00:00 [queued]>
[2024-09-10T08:00:31.293+0000] {taskinstance.py:1361} INFO - Starting attempt 1 of 1
[2024-09-10T08:00:31.299+0000] {taskinstance.py:1382} INFO - Executing <Task(BashOperator): dbt_run> on 2024-09-10 06:00:00+00:00
[2024-09-10T08:00:31.303+0000] {standard_task_runner.py:57} INFO - Started process 829 to run task
[2024-09-10T08:00:31.305+0000] {standard_task_runner.py:84} INFO - Running: ['***', 'tasks', 'run', 'run_daily_order_update_dag', 'dbt_run', 'scheduled__2024-09-10T06:00:00+00:00', '--job-id', '315', '--raw', '--subdir', 'DAGS_FOLDER/run_daily_order_update.py', '--cfg-path', '/tmp/tmp9itv4620']
[2024-09-10T08:00:31.307+0000] {standard_task_runner.py:85} INFO - Job 315: Subtask dbt_run
[2024-09-10T08:00:31.350+0000] {task_command.py:415} INFO - Running <TaskInstance: run_daily_order_update_dag.dbt_run scheduled__2024-09-10T06:00:00+00:00 [running]> on host 5c121da44a2d
[2024-09-10T08:00:31.391+0000] {taskinstance.py:1660} INFO - Exporting env vars: AIRFLOW_CTX_DAG_OWNER='***' AIRFLOW_CTX_DAG_ID='run_daily_order_update_dag' AIRFLOW_CTX_TASK_ID='dbt_run' AIRFLOW_CTX_EXECUTION_DATE='2024-09-10T06:00:00+00:00' AIRFLOW_CTX_TRY_NUMBER='1' AIRFLOW_CTX_DAG_RUN_ID='scheduled__2024-09-10T06:00:00+00:00'
[2024-09-10T08:00:31.392+0000] {subprocess.py:63} INFO - Tmp dir root location: /tmp
[2024-09-10T08:00:31.392+0000] {subprocess.py:75} INFO - Running command: ['/bin/bash', '-c', 'docker exec dbt_container dbt run --project-dir /opt/dbt_vne/dbt_vne/']
[2024-09-10T08:00:31.397+0000] {subprocess.py:86} INFO - Output:
[2024-09-10T08:00:32.347+0000] {subprocess.py:93} INFO - [0m08:00:32  Running with dbt=1.8.6
[2024-09-10T08:00:32.459+0000] {subprocess.py:93} INFO - [0m08:00:32  Registered adapter: postgres=1.8.2
[2024-09-10T08:00:32.543+0000] {subprocess.py:93} INFO - [0m08:00:32  [[33mWARNING[0m]: Configuration paths exist in your dbt_project.yml file which do not apply to any resources.
[2024-09-10T08:00:32.543+0000] {subprocess.py:93} INFO - There are 1 unused configuration paths:
[2024-09-10T08:00:32.544+0000] {subprocess.py:93} INFO - - models.dbt_vne.04_dims
[2024-09-10T08:00:32.627+0000] {subprocess.py:93} INFO - [0m08:00:32  Found 22 models, 6 sources, 417 macros
[2024-09-10T08:00:32.629+0000] {subprocess.py:93} INFO - [0m08:00:32
[2024-09-10T08:00:33.591+0000] {subprocess.py:93} INFO - [0m08:00:33  Concurrency: 4 threads (target='dev')
[2024-09-10T08:00:33.595+0000] {subprocess.py:93} INFO - [0m08:00:33
[2024-09-10T08:00:33.731+0000] {subprocess.py:93} INFO - [0m08:00:33  1 of 6 START sql table model dev_steve.fct_Amz_Removal_Report .................. [RUN]
[2024-09-10T08:00:33.739+0000] {subprocess.py:93} INFO - [0m08:00:33  2 of 6 START sql table model dev_steve.fct_Amz_ReturnsReport ................... [RUN]
[2024-09-10T08:00:33.797+0000] {subprocess.py:93} INFO - [0m08:00:33  3 of 6 START sql incremental model dev_steve.fct_Amz_Order_Items ............... [RUN]
[2024-09-10T08:00:33.835+0000] {subprocess.py:93} INFO - [0m08:00:33  4 of 6 START sql table model dev_steve.fct_VneAmzPurchasingOrdersDetail ........ [RUN]
[2024-09-10T08:00:34.241+0000] {subprocess.py:93} INFO - [0m08:00:34  4 of 6 OK created sql table model dev_steve.fct_VneAmzPurchasingOrdersDetail ... [[32mSELECT 1248[0m in 0.38s]
[2024-09-10T08:00:34.242+0000] {subprocess.py:93} INFO - [0m08:00:34  1 of 6 OK created sql table model dev_steve.fct_Amz_Removal_Report ............. [[32mSELECT 48[0m in 0.50s]
[2024-09-10T08:00:34.264+0000] {subprocess.py:93} INFO - [0m08:00:34  3 of 6 OK created sql incremental model dev_steve.fct_Amz_Order_Items .......... [[32mINSERT 0 10[0m in 0.46s]
[2024-09-10T08:00:34.266+0000] {subprocess.py:93} INFO - [0m08:00:34  5 of 6 START sql table model dev_steve.ana_sales_detail_last_60_days ........... [RUN]
[2024-09-10T08:00:34.273+0000] {subprocess.py:93} INFO - [0m08:00:34  2 of 6 OK created sql table model dev_steve.fct_Amz_ReturnsReport .............. [[32mSELECT 48[0m in 0.53s]
[2024-09-10T08:00:34.274+0000] {subprocess.py:93} INFO - [0m08:00:34  6 of 6 START sql table model dev_steve.ana_stock ............................... [RUN]
[2024-09-10T08:00:34.644+0000] {subprocess.py:93} INFO - [0m08:00:34  6 of 6 OK created sql table model dev_steve.ana_stock .......................... [[32mSELECT 258[0m in 0.37s]
[2024-09-10T08:00:34.660+0000] {subprocess.py:93} INFO - [0m08:00:34  5 of 6 OK created sql table model dev_steve.ana_sales_detail_last_60_days ...... [[32mSELECT 1380[0m in 0.39s]
[2024-09-10T08:00:34.874+0000] {subprocess.py:93} INFO - [0m08:00:34
[2024-09-10T08:00:34.874+0000] {subprocess.py:93} INFO - [0m08:00:34  Finished running 5 table models, 1 incremental model in 0 hours 0 minutes and 2.24 seconds (2.24s).
[2024-09-10T08:00:34.920+0000] {subprocess.py:93} INFO - [0m08:00:34
[2024-09-10T08:00:34.921+0000] {subprocess.py:93} INFO - [0m08:00:34  [32mCompleted successfully[0m
[2024-09-10T08:00:34.921+0000] {subprocess.py:93} INFO - [0m08:00:34
[2024-09-10T08:00:34.921+0000] {subprocess.py:93} INFO - [0m08:00:34  Done. PASS=6 WARN=0 ERROR=0 SKIP=0 TOTAL=6
[2024-09-10T08:00:35.785+0000] {subprocess.py:97} INFO - Command exited with return code 0
[2024-09-10T08:00:35.834+0000] {taskinstance.py:1400} INFO - Marking task as SUCCESS. dag_id=run_daily_order_update_dag, task_id=dbt_run, execution_date=20240910T060000, start_date=20240910T080031, end_date=20240910T080035
[2024-09-10T08:00:35.854+0000] {local_task_job_runner.py:228} INFO - Task exited with return code 0
[2024-09-10T08:00:35.898+0000] {taskinstance.py:2784} INFO - 1 downstream tasks scheduled from follow-on schedule check
