[2024-09-10T12:00:37.755+0000] {taskinstance.py:1159} INFO - Dependencies all met for dep_context=non-requeueable deps ti=<TaskInstance: run_daily_order_update_dag.dbt_run scheduled__2024-09-10T10:00:00+00:00 [queued]>
[2024-09-10T12:00:37.765+0000] {taskinstance.py:1159} INFO - Dependencies all met for dep_context=requeueable deps ti=<TaskInstance: run_daily_order_update_dag.dbt_run scheduled__2024-09-10T10:00:00+00:00 [queued]>
[2024-09-10T12:00:37.765+0000] {taskinstance.py:1361} INFO - Starting attempt 1 of 1
[2024-09-10T12:00:37.776+0000] {taskinstance.py:1382} INFO - Executing <Task(BashOperator): dbt_run> on 2024-09-10 10:00:00+00:00
[2024-09-10T12:00:37.785+0000] {standard_task_runner.py:57} INFO - Started process 3310 to run task
[2024-09-10T12:00:37.788+0000] {standard_task_runner.py:84} INFO - Running: ['***', 'tasks', 'run', 'run_daily_order_update_dag', 'dbt_run', 'scheduled__2024-09-10T10:00:00+00:00', '--job-id', '327', '--raw', '--subdir', 'DAGS_FOLDER/run_daily_order_update.py', '--cfg-path', '/tmp/tmp6x1gjwom']
[2024-09-10T12:00:37.790+0000] {standard_task_runner.py:85} INFO - Job 327: Subtask dbt_run
[2024-09-10T12:00:37.839+0000] {task_command.py:415} INFO - Running <TaskInstance: run_daily_order_update_dag.dbt_run scheduled__2024-09-10T10:00:00+00:00 [running]> on host 5c121da44a2d
[2024-09-10T12:00:37.895+0000] {taskinstance.py:1660} INFO - Exporting env vars: AIRFLOW_CTX_DAG_OWNER='***' AIRFLOW_CTX_DAG_ID='run_daily_order_update_dag' AIRFLOW_CTX_TASK_ID='dbt_run' AIRFLOW_CTX_EXECUTION_DATE='2024-09-10T10:00:00+00:00' AIRFLOW_CTX_TRY_NUMBER='1' AIRFLOW_CTX_DAG_RUN_ID='scheduled__2024-09-10T10:00:00+00:00'
[2024-09-10T12:00:37.896+0000] {subprocess.py:63} INFO - Tmp dir root location: /tmp
[2024-09-10T12:00:37.897+0000] {subprocess.py:75} INFO - Running command: ['/bin/bash', '-c', 'docker exec dbt_container dbt run --project-dir /opt/dbt_vne/dbt_vne/']
[2024-09-10T12:00:37.908+0000] {subprocess.py:86} INFO - Output:
[2024-09-10T12:00:39.322+0000] {subprocess.py:93} INFO - [0m12:00:39  Running with dbt=1.8.6
[2024-09-10T12:00:39.487+0000] {subprocess.py:93} INFO - [0m12:00:39  Registered adapter: postgres=1.8.2
[2024-09-10T12:00:39.586+0000] {subprocess.py:93} INFO - [0m12:00:39  [[33mWARNING[0m]: Configuration paths exist in your dbt_project.yml file which do not apply to any resources.
[2024-09-10T12:00:39.586+0000] {subprocess.py:93} INFO - There are 1 unused configuration paths:
[2024-09-10T12:00:39.586+0000] {subprocess.py:93} INFO - - models.dbt_vne.04_dims
[2024-09-10T12:00:39.670+0000] {subprocess.py:93} INFO - [0m12:00:39  Found 22 models, 6 sources, 417 macros
[2024-09-10T12:00:39.672+0000] {subprocess.py:93} INFO - [0m12:00:39
[2024-09-10T12:00:40.576+0000] {subprocess.py:93} INFO - [0m12:00:40  Concurrency: 4 threads (target='dev')
[2024-09-10T12:00:40.578+0000] {subprocess.py:93} INFO - [0m12:00:40
[2024-09-10T12:00:40.704+0000] {subprocess.py:93} INFO - [0m12:00:40  1 of 6 START sql table model dev_steve.fct_Amz_Removal_Report .................. [RUN]
[2024-09-10T12:00:40.705+0000] {subprocess.py:93} INFO - [0m12:00:40  2 of 6 START sql table model dev_steve.fct_Amz_ReturnsReport ................... [RUN]
[2024-09-10T12:00:40.790+0000] {subprocess.py:93} INFO - [0m12:00:40  3 of 6 START sql incremental model dev_steve.fct_Amz_Order_Items ............... [RUN]
[2024-09-10T12:00:40.825+0000] {subprocess.py:93} INFO - [0m12:00:40  4 of 6 START sql table model dev_steve.fct_VneAmzPurchasingOrdersDetail ........ [RUN]
[2024-09-10T12:00:41.247+0000] {subprocess.py:93} INFO - [0m12:00:41  1 of 6 OK created sql table model dev_steve.fct_Amz_Removal_Report ............. [[32mSELECT 48[0m in 0.53s]
[2024-09-10T12:00:41.257+0000] {subprocess.py:93} INFO - [0m12:00:41  4 of 6 OK created sql table model dev_steve.fct_VneAmzPurchasingOrdersDetail ... [[32mSELECT 1248[0m in 0.43s]
[2024-09-10T12:00:41.274+0000] {subprocess.py:93} INFO - [0m12:00:41  2 of 6 OK created sql table model dev_steve.fct_Amz_ReturnsReport .............. [[32mSELECT 48[0m in 0.55s]
[2024-09-10T12:00:41.275+0000] {subprocess.py:93} INFO - [0m12:00:41  3 of 6 OK created sql incremental model dev_steve.fct_Amz_Order_Items .......... [[32mINSERT 0 3[0m in 0.45s]
[2024-09-10T12:00:41.327+0000] {subprocess.py:93} INFO - [0m12:00:41  5 of 6 START sql table model dev_steve.ana_sales_detail_last_60_days ........... [RUN]
[2024-09-10T12:00:41.343+0000] {subprocess.py:93} INFO - [0m12:00:41  6 of 6 START sql table model dev_steve.ana_stock ............................... [RUN]
[2024-09-10T12:00:41.719+0000] {subprocess.py:93} INFO - [0m12:00:41  5 of 6 OK created sql table model dev_steve.ana_sales_detail_last_60_days ...... [[32mSELECT 1388[0m in 0.45s]
[2024-09-10T12:00:41.736+0000] {subprocess.py:93} INFO - [0m12:00:41  6 of 6 OK created sql table model dev_steve.ana_stock .......................... [[32mSELECT 258[0m in 0.39s]
[2024-09-10T12:00:41.983+0000] {subprocess.py:93} INFO - [0m12:00:41
[2024-09-10T12:00:41.985+0000] {subprocess.py:93} INFO - [0m12:00:41  Finished running 5 table models, 1 incremental model in 0 hours 0 minutes and 2.31 seconds (2.31s).
[2024-09-10T12:00:42.035+0000] {subprocess.py:93} INFO - [0m12:00:42
[2024-09-10T12:00:42.035+0000] {subprocess.py:93} INFO - [0m12:00:42  [32mCompleted successfully[0m
[2024-09-10T12:00:42.035+0000] {subprocess.py:93} INFO - [0m12:00:42
[2024-09-10T12:00:42.035+0000] {subprocess.py:93} INFO - [0m12:00:42  Done. PASS=6 WARN=0 ERROR=0 SKIP=0 TOTAL=6
[2024-09-10T12:00:43.053+0000] {subprocess.py:97} INFO - Command exited with return code 0
[2024-09-10T12:00:43.094+0000] {taskinstance.py:1400} INFO - Marking task as SUCCESS. dag_id=run_daily_order_update_dag, task_id=dbt_run, execution_date=20240910T100000, start_date=20240910T120037, end_date=20240910T120043
[2024-09-10T12:00:43.145+0000] {local_task_job_runner.py:228} INFO - Task exited with return code 0
[2024-09-10T12:00:43.167+0000] {taskinstance.py:2784} INFO - 1 downstream tasks scheduled from follow-on schedule check
